#
# There is insufficient memory for the Java Runtime Environment to continue.
# Native memory allocation (malloc) failed to allocate 1592336 bytes. Error detail: Chunk::new
# Possible reasons:
#   The system is out of physical RAM or swap space
#   This process is running with CompressedOops enabled, and the Java Heap may be blocking the growth of the native heap
# Possible solutions:
#   Reduce memory load on the system
#   Increase physical memory or swap space
#   Check if swap backing store is full
#   Decrease Java heap size (-Xmx/-Xms)
#   Decrease number of Java threads
#   Decrease Java thread stack sizes (-Xss)
#   Set larger code cache with -XX:ReservedCodeCacheSize=
#   JVM is running with Unscaled Compressed Oops mode in which the Java heap is
#     placed in the first 4GB address space. The Java Heap base address is the
#     maximum limit for the native heap growth. Please use -XX:HeapBaseMinAddress
#     to set the Java Heap base and to place the Java Heap above 4GB virtual address.
# This output file may be truncated or incomplete.
#
#  Out of Memory Error (arena.cpp:168), pid=2348, tid=16788
#
# JRE version: OpenJDK Runtime Environment Temurin-21.0.6+7 (21.0.6+7) (build 21.0.6+7-LTS)
# Java VM: OpenJDK 64-Bit Server VM Temurin-21.0.6+7 (21.0.6+7-LTS, mixed mode, sharing, tiered, compressed oops, compressed class ptrs, parallel gc, windows-amd64)
# No core dump will be written. Minidumps are not enabled by default on client versions of Windows
#

---------------  S U M M A R Y ------------

Command Line: --add-modules=ALL-SYSTEM --add-opens=java.base/java.util=ALL-UNNAMED --add-opens=java.base/java.lang=ALL-UNNAMED --add-opens=java.base/sun.nio.fs=ALL-UNNAMED -Declipse.application=org.eclipse.jdt.ls.core.id1 -Dosgi.bundles.defaultStartLevel=4 -Declipse.product=org.eclipse.jdt.ls.core.product -Djava.import.generatesMetadataFilesAtProjectRoot=false -DDetectVMInstallationsJob.disabled=true -Dfile.encoding=utf8 -XX:+UseParallelGC -XX:GCTimeRatio=4 -XX:AdaptiveSizePolicyWeight=90 -Dsun.zip.disableMemoryMapping=true -Xmx1G -Xms100m -Xlog:disable -javaagent:c:\Users\jaich\.vscode\extensions\redhat.java-1.41.1-win32-x64\lombok\lombok-1.18.36.jar -XX:+HeapDumpOnOutOfMemoryError -XX:HeapDumpPath=c:\Users\jaich\AppData\Roaming\Code\User\workspaceStorage\f22e0601bb77b8e2289a949522429d50\redhat.java -Daether.dependencyCollector.impl=bf c:\Users\jaich\.vscode\extensions\redhat.java-1.41.1-win32-x64\server\plugins\org.eclipse.equinox.launcher_1.7.0.v20250331-1702.jar -configuration c:\Users\jaich\AppData\Roaming\Code\User\globalStorage\redhat.java\1.41.1\config_win -data c:\Users\jaich\AppData\Roaming\Code\User\workspaceStorage\f22e0601bb77b8e2289a949522429d50\redhat.java\jdt_ws --pipe=\\.\pipe\lsp-384e1f4a750add9c130a1b73b3c9b120-sock

Host: 12th Gen Intel(R) Core(TM) i5-1235U, 12 cores, 15G,  Windows 11 , 64 bit Build 22621 (10.0.22621.5124)
Time: Wed Apr 16 19:54:06 2025 India Standard Time elapsed time: 9.944276 seconds (0d 0h 0m 9s)

---------------  T H R E A D  ---------------

Current thread (0x0000021f7ba02e30):  JavaThread "C2 CompilerThread1" daemon [_thread_in_native, id=16788, stack(0x0000006475200000,0x0000006475300000) (1024K)]


Current CompileTask:
C2:9944 4399   !   4       org.eclipse.osgi.internal.loader.classpath.ClasspathManager::findClassImpl (343 bytes)

Stack: [0x0000006475200000,0x0000006475300000]
Native frames: (J=compiled Java code, j=interpreted, Vv=VM code, C=native code)
V  [jvm.dll+0x6cdee9]
V  [jvm.dll+0x8a83d1]
V  [jvm.dll+0x8aa8fe]
V  [jvm.dll+0x8aafe3]
V  [jvm.dll+0x27f706]
V  [jvm.dll+0xc500d]
V  [jvm.dll+0xc5543]
V  [jvm.dll+0x3b6752]
V  [jvm.dll+0x382935]
V  [jvm.dll+0x381d9a]
V  [jvm.dll+0x2479f0]
V  [jvm.dll+0x246fcf]
V  [jvm.dll+0x1c75ee]
V  [jvm.dll+0x25685a]
V  [jvm.dll+0x254dfa]
V  [jvm.dll+0x3f0256]
V  [jvm.dll+0x851f8b]
V  [jvm.dll+0x6cc5ed]
C  [ucrtbase.dll+0x29333]
C  [KERNEL32.DLL+0x1259d]
C  [ntdll.dll+0x5af38]


---------------  P R O C E S S  ---------------

Threads class SMR info:
_java_thread_list=0x0000021f7db8f2d0, length=28, elements={
0x0000021f1f3be1e0, 0x0000021f337ae330, 0x0000021f76875ea0, 0x0000021f76878fa0,
0x0000021f76879eb0, 0x0000021f7687adc0, 0x0000021f7687e930, 0x0000021f7687f760,
0x0000021f768913d0, 0x0000021f1f42a8f0, 0x0000021f76baf380, 0x0000021f7b4e5060,
0x0000021f7b7e36e0, 0x0000021f7b552630, 0x0000021f7b553060, 0x0000021f7bad6560,
0x0000021f7be6bbb0, 0x0000021f7bdebc50, 0x0000021f7beb0c60, 0x0000021f7beb1980,
0x0000021f7beae500, 0x0000021f7beb12f0, 0x0000021f7ba02e30, 0x0000021f7beaf220,
0x0000021f7beaf8b0, 0x0000021f7beb05d0, 0x0000021f7beaeb90, 0x0000021f7beaff40
}

Java Threads: ( => current thread )
  0x0000021f1f3be1e0 JavaThread "main"                              [_thread_blocked, id=1524, stack(0x0000006473000000,0x0000006473100000) (1024K)]
  0x0000021f337ae330 JavaThread "Reference Handler"          daemon [_thread_blocked, id=21840, stack(0x0000006473400000,0x0000006473500000) (1024K)]
  0x0000021f76875ea0 JavaThread "Finalizer"                  daemon [_thread_blocked, id=5504, stack(0x0000006473500000,0x0000006473600000) (1024K)]
  0x0000021f76878fa0 JavaThread "Signal Dispatcher"          daemon [_thread_blocked, id=13548, stack(0x0000006473600000,0x0000006473700000) (1024K)]
  0x0000021f76879eb0 JavaThread "Attach Listener"            daemon [_thread_blocked, id=11780, stack(0x0000006473700000,0x0000006473800000) (1024K)]
  0x0000021f7687adc0 JavaThread "Service Thread"             daemon [_thread_blocked, id=16236, stack(0x0000006473800000,0x0000006473900000) (1024K)]
  0x0000021f7687e930 JavaThread "Monitor Deflation Thread"   daemon [_thread_blocked, id=11024, stack(0x0000006473900000,0x0000006473a00000) (1024K)]
  0x0000021f7687f760 JavaThread "C2 CompilerThread0"         daemon [_thread_in_native, id=4616, stack(0x0000006473a00000,0x0000006473b00000) (1024K)]
  0x0000021f768913d0 JavaThread "C1 CompilerThread0"         daemon [_thread_in_native, id=12512, stack(0x0000006473b00000,0x0000006473c00000) (1024K)]
  0x0000021f1f42a8f0 JavaThread "Common-Cleaner"             daemon [_thread_blocked, id=2548, stack(0x0000006473c00000,0x0000006473d00000) (1024K)]
  0x0000021f76baf380 JavaThread "Notification Thread"        daemon [_thread_blocked, id=10584, stack(0x0000006473d00000,0x0000006473e00000) (1024K)]
  0x0000021f7b4e5060 JavaThread "Active Thread: Equinox Container: d817b110-8ba8-47cf-a669-f9bac5c390fc"        [_thread_blocked, id=11212, stack(0x0000006474500000,0x0000006474600000) (1024K)]
  0x0000021f7b7e36e0 JavaThread "Refresh Thread: Equinox Container: d817b110-8ba8-47cf-a669-f9bac5c390fc" daemon [_thread_blocked, id=18004, stack(0x0000006474600000,0x0000006474700000) (1024K)]
  0x0000021f7b552630 JavaThread "Framework Event Dispatcher: Equinox Container: d817b110-8ba8-47cf-a669-f9bac5c390fc" daemon [_thread_blocked, id=18976, stack(0x0000006474800000,0x0000006474900000) (1024K)]
  0x0000021f7b553060 JavaThread "Start Level: Equinox Container: d817b110-8ba8-47cf-a669-f9bac5c390fc" daemon [_thread_blocked, id=15880, stack(0x0000006474900000,0x0000006474a00000) (1024K)]
  0x0000021f7bad6560 JavaThread "Bundle File Closer"         daemon [_thread_blocked, id=11700, stack(0x0000006474a00000,0x0000006474b00000) (1024K)]
  0x0000021f7be6bbb0 JavaThread "SCR Component Actor"        daemon [_thread_blocked, id=22152, stack(0x0000006474d00000,0x0000006474e00000) (1024K)]
  0x0000021f7bdebc50 JavaThread "SCR Component Registry"     daemon [_thread_blocked, id=17496, stack(0x0000006473e00000,0x0000006473f00000) (1024K)]
  0x0000021f7beb0c60 JavaThread "Worker-JM"                         [_thread_blocked, id=9968, stack(0x0000006474e00000,0x0000006474f00000) (1024K)]
  0x0000021f7beb1980 JavaThread "JNA Cleaner"                daemon [_thread_blocked, id=2724, stack(0x0000006474f00000,0x0000006475000000) (1024K)]
  0x0000021f7beae500 JavaThread "Worker-0: Updating Maven Dependencies"        [_thread_in_Java, id=6544, stack(0x0000006475000000,0x0000006475100000) (1024K)]
  0x0000021f7beb12f0 JavaThread "Worker-1: Building"                [_thread_in_Java, id=9804, stack(0x0000006475100000,0x0000006475200000) (1024K)]
=>0x0000021f7ba02e30 JavaThread "C2 CompilerThread1"         daemon [_thread_in_native, id=16788, stack(0x0000006475200000,0x0000006475300000) (1024K)]
  0x0000021f7beaf220 JavaThread "Worker-2: Repository registry initialization"        [_thread_blocked, id=7576, stack(0x0000006475300000,0x0000006475400000) (1024K)]
  0x0000021f7beaf8b0 JavaThread "Worker-3: Processing Java changes since last activation"        [_thread_blocked, id=1920, stack(0x0000006475400000,0x0000006475500000) (1024K)]
  0x0000021f7beb05d0 JavaThread "Java indexing"              daemon [_thread_blocked, id=11348, stack(0x0000006475500000,0x0000006475600000) (1024K)]
  0x0000021f7beaeb90 JavaThread "Worker-4"                          [_thread_blocked, id=10472, stack(0x0000006475600000,0x0000006475700000) (1024K)]
  0x0000021f7beaff40 JavaThread "Worker-5"                          [_thread_blocked, id=19792, stack(0x0000006475700000,0x0000006475800000) (1024K)]
Total: 28

Other Threads:
  0x0000021f33795a00 VMThread "VM Thread"                           [id=4008, stack(0x0000006473300000,0x0000006473400000) (1024K)]
  0x0000021f1f429510 WatcherThread "VM Periodic Task Thread"        [id=8464, stack(0x0000006473200000,0x0000006473300000) (1024K)]
  0x0000021f1f3dc8a0 WorkerThread "GC Thread#0"                     [id=13236, stack(0x0000006473100000,0x0000006473200000) (1024K)]
  0x0000021f76c0b430 WorkerThread "GC Thread#1"                     [id=7164, stack(0x0000006473f00000,0x0000006474000000) (1024K)]
  0x0000021f7b4a9330 WorkerThread "GC Thread#2"                     [id=4504, stack(0x0000006474000000,0x0000006474100000) (1024K)]
  0x0000021f7b4a96d0 WorkerThread "GC Thread#3"                     [id=16164, stack(0x0000006474100000,0x0000006474200000) (1024K)]
  0x0000021f7b4a9a70 WorkerThread "GC Thread#4"                     [id=20296, stack(0x0000006474200000,0x0000006474300000) (1024K)]
  0x0000021f7b521730 WorkerThread "GC Thread#5"                     [id=17096, stack(0x0000006474300000,0x0000006474400000) (1024K)]
  0x0000021f7b521ad0 WorkerThread "GC Thread#6"                     [id=3372, stack(0x0000006474400000,0x0000006474500000) (1024K)]
  0x0000021f7b86b750 WorkerThread "GC Thread#7"                     [id=21384, stack(0x0000006474700000,0x0000006474800000) (1024K)]
  0x0000021f7bbdcc60 WorkerThread "GC Thread#8"                     [id=22516, stack(0x0000006474b00000,0x0000006474c00000) (1024K)]
  0x0000021f7bbdc520 WorkerThread "GC Thread#9"                     [id=3292, stack(0x0000006474c00000,0x0000006474d00000) (1024K)]
Total: 12

Threads with active compile tasks:
C2 CompilerThread0  9998 4558   !   4       sun.nio.cs.StreamDecoder::read (78 bytes)
C2 CompilerThread1  9999 4399   !   4       org.eclipse.osgi.internal.loader.classpath.ClasspathManager::findClassImpl (343 bytes)
Total: 2

VM state: not at safepoint (normal execution)

VM Mutex/Monitor currently owned by a thread: None

Heap address: 0x00000000c0000000, size: 1024 MB, Compressed Oops mode: 32-bit

CDS archive(s) mapped at: [0x0000021f34000000-0x0000021f34ba0000-0x0000021f34ba0000), size 12189696, SharedBaseAddress: 0x0000021f34000000, ArchiveRelocationMode: 1.
Compressed class space mapped at: 0x0000021f35000000-0x0000021f75000000, reserved size: 1073741824
Narrow klass base: 0x0000021f34000000, Narrow klass shift: 0, Narrow klass range: 0x100000000

GC Precious Log:
 CardTable entry size: 512
 CPUs: 12 total, 12 available
 Memory: 16052M
 Large Page Support: Disabled
 NUMA Support: Disabled
 Compressed Oops: Enabled (32-bit)
 Alignments: Space 512K, Generation 512K, Heap 2M
 Heap Min Capacity: 100M
 Heap Initial Capacity: 100M
 Heap Max Capacity: 1G
 Pre-touch: Disabled
 Parallel Workers: 10

Heap:
 PSYoungGen      total 24576K, used 19600K [0x00000000eab00000, 0x00000000ec680000, 0x0000000100000000)
  eden space 22528K, 80% used [0x00000000eab00000,0x00000000ebca1f78,0x00000000ec100000)
  from space 2048K, 75% used [0x00000000ec300000,0x00000000ec4820a8,0x00000000ec500000)
  to   space 1536K, 0% used [0x00000000ec500000,0x00000000ec500000,0x00000000ec680000)
 ParOldGen       total 68608K, used 15409K [0x00000000c0000000, 0x00000000c4300000, 0x00000000eab00000)
  object space 68608K, 22% used [0x00000000c0000000,0x00000000c0f0c7d0,0x00000000c4300000)
 Metaspace       used 33108K, committed 34048K, reserved 1114112K
  class space    used 3300K, committed 3712K, reserved 1048576K

Card table byte_map: [0x0000021f1ed70000,0x0000021f1ef80000] _byte_map_base: 0x0000021f1e770000

Marking Bits: (ParMarkBitMap*) 0x00007ffd88003260
 Begin Bits: [0x0000021f315b0000, 0x0000021f325b0000)
 End Bits:   [0x0000021f325b0000, 0x0000021f335b0000)

Polling page: 0x0000021f1d230000

Metaspace:

Usage:
  Non-class:     29.11 MB used.
      Class:      3.22 MB used.
       Both:     32.33 MB used.

Virtual space:
  Non-class space:       64.00 MB reserved,      29.62 MB ( 46%) committed,  1 nodes.
      Class space:        1.00 GB reserved,       3.62 MB ( <1%) committed,  1 nodes.
             Both:        1.06 GB reserved,      33.25 MB (  3%) committed. 

Chunk freelists:
   Non-Class:  1.94 MB
       Class:  12.42 MB
        Both:  14.36 MB

MaxMetaspaceSize: unlimited
CompressedClassSpaceSize: 1.00 GB
Initial GC threshold: 21.00 MB
Current GC threshold: 35.00 MB
CDS: on
 - commit_granule_bytes: 65536.
 - commit_granule_words: 8192.
 - virtual_space_node_default_size: 8388608.
 - enlarge_chunks_in_place: 1.
 - use_allocation_guard: 0.


Internal statistics:

num_allocs_failed_limit: 3.
num_arena_births: 740.
num_arena_deaths: 14.
num_vsnodes_births: 2.
num_vsnodes_deaths: 0.
num_space_committed: 532.
num_space_uncommitted: 0.
num_chunks_returned_to_freelist: 17.
num_chunks_taken_from_freelist: 2115.
num_chunk_merges: 9.
num_chunk_splits: 1354.
num_chunks_enlarged: 805.
num_inconsistent_stats: 0.

CodeHeap 'non-profiled nmethods': size=120000Kb used=2208Kb max_used=2208Kb free=117791Kb
 bounds [0x0000021f2a080000, 0x0000021f2a2f0000, 0x0000021f315b0000]
CodeHeap 'profiled nmethods': size=120000Kb used=9769Kb max_used=9769Kb free=110231Kb
 bounds [0x0000021f225b0000, 0x0000021f22f40000, 0x0000021f29ae0000]
CodeHeap 'non-nmethods': size=5760Kb used=1345Kb max_used=1385Kb free=4414Kb
 bounds [0x0000021f29ae0000, 0x0000021f29d50000, 0x0000021f2a080000]
 total_blobs=5240 nmethods=4600 adapters=546
 compilation: enabled
              stopped_count=0, restarted_count=0
 full_count=0

Compilation events (20 events):
Event: 9.910 Thread 0x0000021f768913d0 nmethod 4549 0x0000021f22f1af10 code [0x0000021f22f1b0c0, 0x0000021f22f1b238]
Event: 9.911 Thread 0x0000021f768913d0 4551       3       java.util.Properties::getProperty (50 bytes)
Event: 9.912 Thread 0x0000021f768913d0 nmethod 4551 0x0000021f22f1b310 code [0x0000021f22f1b4e0, 0x0000021f22f1b9c0]
Event: 9.916 Thread 0x0000021f768913d0 4552       2       java.util.TimSort::sort (229 bytes)
Event: 9.918 Thread 0x0000021f768913d0 nmethod 4552 0x0000021f22f1bb10 code [0x0000021f22f1bd40, 0x0000021f22f1c230]
Event: 9.923 Thread 0x0000021f768913d0 4554       2       java.lang.reflect.Constructor::<init> (50 bytes)
Event: 9.923 Thread 0x0000021f768913d0 nmethod 4554 0x0000021f22f1c610 code [0x0000021f22f1c7a0, 0x0000021f22f1c938]
Event: 9.924 Thread 0x0000021f768913d0 4556       2       java.util.TreeMap::getEntryUsingComparator (74 bytes)
Event: 9.924 Thread 0x0000021f768913d0 nmethod 4556 0x0000021f22f1ca10 code [0x0000021f22f1cbc0, 0x0000021f22f1cde8]
Event: 9.924 Thread 0x0000021f768913d0 4557       2       java.nio.MappedByteBuffer::position (8 bytes)
Event: 9.925 Thread 0x0000021f768913d0 nmethod 4557 0x0000021f22f1cf10 code [0x0000021f22f1d0c0, 0x0000021f22f1d1f0]
Event: 9.930 Thread 0x0000021f768913d0 4562       1       org.codehaus.plexus.util.xml.pull.MXParser::getDepth (5 bytes)
Event: 9.930 Thread 0x0000021f768913d0 nmethod 4562 0x0000021f2a2a1590 code [0x0000021f2a2a1720, 0x0000021f2a2a17e8]
Event: 9.933 Thread 0x0000021f768913d0 4566       2       java.nio.ByteBuffer::order (48 bytes)
Event: 9.934 Thread 0x0000021f768913d0 nmethod 4566 0x0000021f22f1d290 code [0x0000021f22f1d420, 0x0000021f22f1d560]
Event: 9.938 Thread 0x0000021f768913d0 4571       2       jdk.internal.reflect.ClassFileAssembler::emitByte (11 bytes)
Event: 9.939 Thread 0x0000021f768913d0 nmethod 4571 0x0000021f22f1d610 code [0x0000021f22f1d7c0, 0x0000021f22f1d928]
Event: 9.939 Thread 0x0000021f768913d0 4572       2       jdk.internal.reflect.ByteVectorImpl::add (38 bytes)
Event: 9.939 Thread 0x0000021f768913d0 nmethod 4572 0x0000021f22f1da10 code [0x0000021f22f1dbc0, 0x0000021f22f1dd50]
Event: 9.940 Thread 0x0000021f768913d0 4573       1       java.lang.ClassLoader::getName (5 bytes)

GC Heap History (20 events):
Event: 4.304 GC heap before
{Heap before GC invocations=3 (full 0):
 PSYoungGen      total 29696K, used 29667K [0x00000000eab00000, 0x00000000ecc00000, 0x0000000100000000)
  eden space 25600K, 100% used [0x00000000eab00000,0x00000000ec400000,0x00000000ec400000)
  from space 4096K, 99% used [0x00000000ec800000,0x00000000ecbf8c18,0x00000000ecc00000)
  to   space 4096K, 0% used [0x00000000ec400000,0x00000000ec400000,0x00000000ec800000)
 ParOldGen       total 68608K, used 1732K [0x00000000c0000000, 0x00000000c4300000, 0x00000000eab00000)
  object space 68608K, 2% used [0x00000000c0000000,0x00000000c01b11a0,0x00000000c4300000)
 Metaspace       used 9159K, committed 9472K, reserved 1114112K
  class space    used 918K, committed 1088K, reserved 1048576K
}
Event: 4.314 GC heap after
{Heap after GC invocations=3 (full 0):
 PSYoungGen      total 29696K, used 4069K [0x00000000eab00000, 0x00000000ecc00000, 0x0000000100000000)
  eden space 25600K, 0% used [0x00000000eab00000,0x00000000eab00000,0x00000000ec400000)
  from space 4096K, 99% used [0x00000000ec400000,0x00000000ec7f9430,0x00000000ec800000)
  to   space 4096K, 0% used [0x00000000ec800000,0x00000000ec800000,0x00000000ecc00000)
 ParOldGen       total 68608K, used 5737K [0x00000000c0000000, 0x00000000c4300000, 0x00000000eab00000)
  object space 68608K, 8% used [0x00000000c0000000,0x00000000c059a640,0x00000000c4300000)
 Metaspace       used 9159K, committed 9472K, reserved 1114112K
  class space    used 918K, committed 1088K, reserved 1048576K
}
Event: 5.333 GC heap before
{Heap before GC invocations=4 (full 0):
 PSYoungGen      total 29696K, used 29669K [0x00000000eab00000, 0x00000000ecc00000, 0x0000000100000000)
  eden space 25600K, 100% used [0x00000000eab00000,0x00000000ec400000,0x00000000ec400000)
  from space 4096K, 99% used [0x00000000ec400000,0x00000000ec7f9430,0x00000000ec800000)
  to   space 4096K, 0% used [0x00000000ec800000,0x00000000ec800000,0x00000000ecc00000)
 ParOldGen       total 68608K, used 5737K [0x00000000c0000000, 0x00000000c4300000, 0x00000000eab00000)
  object space 68608K, 8% used [0x00000000c0000000,0x00000000c059a640,0x00000000c4300000)
 Metaspace       used 12420K, committed 12800K, reserved 1114112K
  class space    used 1231K, committed 1408K, reserved 1048576K
}
Event: 5.341 GC heap after
{Heap after GC invocations=4 (full 0):
 PSYoungGen      total 29696K, used 4090K [0x00000000eab00000, 0x00000000ecc00000, 0x0000000100000000)
  eden space 25600K, 0% used [0x00000000eab00000,0x00000000eab00000,0x00000000ec400000)
  from space 4096K, 99% used [0x00000000ec800000,0x00000000ecbfebb8,0x00000000ecc00000)
  to   space 4096K, 0% used [0x00000000ec400000,0x00000000ec400000,0x00000000ec800000)
 ParOldGen       total 68608K, used 6609K [0x00000000c0000000, 0x00000000c4300000, 0x00000000eab00000)
  object space 68608K, 9% used [0x00000000c0000000,0x00000000c0674660,0x00000000c4300000)
 Metaspace       used 12420K, committed 12800K, reserved 1114112K
  class space    used 1231K, committed 1408K, reserved 1048576K
}
Event: 6.393 GC heap before
{Heap before GC invocations=5 (full 0):
 PSYoungGen      total 29696K, used 29690K [0x00000000eab00000, 0x00000000ecc00000, 0x0000000100000000)
  eden space 25600K, 100% used [0x00000000eab00000,0x00000000ec400000,0x00000000ec400000)
  from space 4096K, 99% used [0x00000000ec800000,0x00000000ecbfebb8,0x00000000ecc00000)
  to   space 4096K, 0% used [0x00000000ec400000,0x00000000ec400000,0x00000000ec800000)
 ParOldGen       total 68608K, used 6609K [0x00000000c0000000, 0x00000000c4300000, 0x00000000eab00000)
  object space 68608K, 9% used [0x00000000c0000000,0x00000000c0674660,0x00000000c4300000)
 Metaspace       used 16167K, committed 16768K, reserved 1114112K
  class space    used 1585K, committed 1856K, reserved 1048576K
}
Event: 6.399 GC heap after
{Heap after GC invocations=5 (full 0):
 PSYoungGen      total 29184K, used 4088K [0x00000000eab00000, 0x00000000ecf80000, 0x0000000100000000)
  eden space 25088K, 0% used [0x00000000eab00000,0x00000000eab00000,0x00000000ec380000)
  from space 4096K, 99% used [0x00000000ec400000,0x00000000ec7fe3f8,0x00000000ec800000)
  to   space 6144K, 0% used [0x00000000ec980000,0x00000000ec980000,0x00000000ecf80000)
 ParOldGen       total 68608K, used 8408K [0x00000000c0000000, 0x00000000c4300000, 0x00000000eab00000)
  object space 68608K, 12% used [0x00000000c0000000,0x00000000c0836030,0x00000000c4300000)
 Metaspace       used 16167K, committed 16768K, reserved 1114112K
  class space    used 1585K, committed 1856K, reserved 1048576K
}
Event: 7.428 GC heap before
{Heap before GC invocations=6 (full 0):
 PSYoungGen      total 29184K, used 29176K [0x00000000eab00000, 0x00000000ecf80000, 0x0000000100000000)
  eden space 25088K, 100% used [0x00000000eab00000,0x00000000ec380000,0x00000000ec380000)
  from space 4096K, 99% used [0x00000000ec400000,0x00000000ec7fe3f8,0x00000000ec800000)
  to   space 6144K, 0% used [0x00000000ec980000,0x00000000ec980000,0x00000000ecf80000)
 ParOldGen       total 68608K, used 8408K [0x00000000c0000000, 0x00000000c4300000, 0x00000000eab00000)
  object space 68608K, 12% used [0x00000000c0000000,0x00000000c0836030,0x00000000c4300000)
 Metaspace       used 18837K, committed 19648K, reserved 1114112K
  class space    used 1889K, committed 2240K, reserved 1048576K
}
Event: 7.434 GC heap after
{Heap after GC invocations=6 (full 0):
 PSYoungGen      total 29696K, used 4681K [0x00000000eab00000, 0x00000000ece80000, 0x0000000100000000)
  eden space 24576K, 0% used [0x00000000eab00000,0x00000000eab00000,0x00000000ec300000)
  from space 5120K, 91% used [0x00000000ec980000,0x00000000ece12578,0x00000000ece80000)
  to   space 5632K, 0% used [0x00000000ec380000,0x00000000ec380000,0x00000000ec900000)
 ParOldGen       total 68608K, used 8416K [0x00000000c0000000, 0x00000000c4300000, 0x00000000eab00000)
  object space 68608K, 12% used [0x00000000c0000000,0x00000000c0838030,0x00000000c4300000)
 Metaspace       used 18837K, committed 19648K, reserved 1114112K
  class space    used 1889K, committed 2240K, reserved 1048576K
}
Event: 7.812 GC heap before
{Heap before GC invocations=7 (full 0):
 PSYoungGen      total 29696K, used 21052K [0x00000000eab00000, 0x00000000ece80000, 0x0000000100000000)
  eden space 24576K, 66% used [0x00000000eab00000,0x00000000ebafcb18,0x00000000ec300000)
  from space 5120K, 91% used [0x00000000ec980000,0x00000000ece12578,0x00000000ece80000)
  to   space 5632K, 0% used [0x00000000ec380000,0x00000000ec380000,0x00000000ec900000)
 ParOldGen       total 68608K, used 8416K [0x00000000c0000000, 0x00000000c4300000, 0x00000000eab00000)
  object space 68608K, 12% used [0x00000000c0000000,0x00000000c0838030,0x00000000c4300000)
 Metaspace       used 20710K, committed 21504K, reserved 1114112K
  class space    used 2079K, committed 2432K, reserved 1048576K
}
Event: 7.817 GC heap after
{Heap after GC invocations=7 (full 0):
 PSYoungGen      total 28672K, used 3782K [0x00000000eab00000, 0x00000000ecc00000, 0x0000000100000000)
  eden space 24576K, 0% used [0x00000000eab00000,0x00000000eab00000,0x00000000ec300000)
  from space 4096K, 92% used [0x00000000ec380000,0x00000000ec7318f0,0x00000000ec780000)
  to   space 4608K, 0% used [0x00000000ec780000,0x00000000ec780000,0x00000000ecc00000)
 ParOldGen       total 68608K, used 9834K [0x00000000c0000000, 0x00000000c4300000, 0x00000000eab00000)
  object space 68608K, 14% used [0x00000000c0000000,0x00000000c099a930,0x00000000c4300000)
 Metaspace       used 20710K, committed 21504K, reserved 1114112K
  class space    used 2079K, committed 2432K, reserved 1048576K
}
Event: 7.817 GC heap before
{Heap before GC invocations=8 (full 1):
 PSYoungGen      total 28672K, used 3782K [0x00000000eab00000, 0x00000000ecc00000, 0x0000000100000000)
  eden space 24576K, 0% used [0x00000000eab00000,0x00000000eab00000,0x00000000ec300000)
  from space 4096K, 92% used [0x00000000ec380000,0x00000000ec7318f0,0x00000000ec780000)
  to   space 4608K, 0% used [0x00000000ec780000,0x00000000ec780000,0x00000000ecc00000)
 ParOldGen       total 68608K, used 9834K [0x00000000c0000000, 0x00000000c4300000, 0x00000000eab00000)
  object space 68608K, 14% used [0x00000000c0000000,0x00000000c099a930,0x00000000c4300000)
 Metaspace       used 20710K, committed 21504K, reserved 1114112K
  class space    used 2079K, committed 2432K, reserved 1048576K
}
Event: 7.870 GC heap after
{Heap after GC invocations=8 (full 1):
 PSYoungGen      total 28672K, used 0K [0x00000000eab00000, 0x00000000ecc00000, 0x0000000100000000)
  eden space 24576K, 0% used [0x00000000eab00000,0x00000000eab00000,0x00000000ec300000)
  from space 4096K, 0% used [0x00000000ec380000,0x00000000ec380000,0x00000000ec780000)
  to   space 4608K, 0% used [0x00000000ec780000,0x00000000ec780000,0x00000000ecc00000)
 ParOldGen       total 68608K, used 12859K [0x00000000c0000000, 0x00000000c4300000, 0x00000000eab00000)
  object space 68608K, 18% used [0x00000000c0000000,0x00000000c0c8ecd8,0x00000000c4300000)
 Metaspace       used 20698K, committed 21504K, reserved 1114112K
  class space    used 2075K, committed 2432K, reserved 1048576K
}
Event: 8.225 GC heap before
{Heap before GC invocations=9 (full 1):
 PSYoungGen      total 28672K, used 24576K [0x00000000eab00000, 0x00000000ecc00000, 0x0000000100000000)
  eden space 24576K, 100% used [0x00000000eab00000,0x00000000ec300000,0x00000000ec300000)
  from space 4096K, 0% used [0x00000000ec380000,0x00000000ec380000,0x00000000ec780000)
  to   space 4608K, 0% used [0x00000000ec780000,0x00000000ec780000,0x00000000ecc00000)
 ParOldGen       total 68608K, used 12859K [0x00000000c0000000, 0x00000000c4300000, 0x00000000eab00000)
  object space 68608K, 18% used [0x00000000c0000000,0x00000000c0c8ecd8,0x00000000c4300000)
 Metaspace       used 23252K, committed 24064K, reserved 1114112K
  class space    used 2244K, committed 2624K, reserved 1048576K
}
Event: 8.227 GC heap after
{Heap after GC invocations=9 (full 1):
 PSYoungGen      total 24576K, used 352K [0x00000000eab00000, 0x00000000ec800000, 0x0000000100000000)
  eden space 24064K, 0% used [0x00000000eab00000,0x00000000eab00000,0x00000000ec280000)
  from space 512K, 68% used [0x00000000ec780000,0x00000000ec7d8000,0x00000000ec800000)
  to   space 2048K, 0% used [0x00000000ec400000,0x00000000ec400000,0x00000000ec600000)
 ParOldGen       total 68608K, used 12859K [0x00000000c0000000, 0x00000000c4300000, 0x00000000eab00000)
  object space 68608K, 18% used [0x00000000c0000000,0x00000000c0c8ecd8,0x00000000c4300000)
 Metaspace       used 23252K, committed 24064K, reserved 1114112K
  class space    used 2244K, committed 2624K, reserved 1048576K
}
Event: 8.696 GC heap before
{Heap before GC invocations=10 (full 1):
 PSYoungGen      total 24576K, used 24416K [0x00000000eab00000, 0x00000000ec800000, 0x0000000100000000)
  eden space 24064K, 100% used [0x00000000eab00000,0x00000000ec280000,0x00000000ec280000)
  from space 512K, 68% used [0x00000000ec780000,0x00000000ec7d8000,0x00000000ec800000)
  to   space 2048K, 0% used [0x00000000ec400000,0x00000000ec400000,0x00000000ec600000)
 ParOldGen       total 68608K, used 12859K [0x00000000c0000000, 0x00000000c4300000, 0x00000000eab00000)
  object space 68608K, 18% used [0x00000000c0000000,0x00000000c0c8ecd8,0x00000000c4300000)
 Metaspace       used 26041K, committed 26880K, reserved 1114112K
  class space    used 2459K, committed 2816K, reserved 1048576K
}
Event: 8.699 GC heap after
{Heap after GC invocations=10 (full 1):
 PSYoungGen      total 25600K, used 1435K [0x00000000eab00000, 0x00000000ec800000, 0x0000000100000000)
  eden space 23552K, 0% used [0x00000000eab00000,0x00000000eab00000,0x00000000ec200000)
  from space 2048K, 70% used [0x00000000ec400000,0x00000000ec566da0,0x00000000ec600000)
  to   space 2048K, 0% used [0x00000000ec600000,0x00000000ec600000,0x00000000ec800000)
 ParOldGen       total 68608K, used 13640K [0x00000000c0000000, 0x00000000c4300000, 0x00000000eab00000)
  object space 68608K, 19% used [0x00000000c0000000,0x00000000c0d521e8,0x00000000c4300000)
 Metaspace       used 26041K, committed 26880K, reserved 1114112K
  class space    used 2459K, committed 2816K, reserved 1048576K
}
Event: 9.012 GC heap before
{Heap before GC invocations=11 (full 1):
 PSYoungGen      total 25600K, used 24937K [0x00000000eab00000, 0x00000000ec800000, 0x0000000100000000)
  eden space 23552K, 99% used [0x00000000eab00000,0x00000000ec1f39d0,0x00000000ec200000)
  from space 2048K, 70% used [0x00000000ec400000,0x00000000ec566da0,0x00000000ec600000)
  to   space 2048K, 0% used [0x00000000ec600000,0x00000000ec600000,0x00000000ec800000)
 ParOldGen       total 68608K, used 13640K [0x00000000c0000000, 0x00000000c4300000, 0x00000000eab00000)
  object space 68608K, 19% used [0x00000000c0000000,0x00000000c0d521e8,0x00000000c4300000)
 Metaspace       used 27845K, committed 28800K, reserved 1114112K
  class space    used 2667K, committed 3072K, reserved 1048576K
}
Event: 9.014 GC heap after
{Heap after GC invocations=11 (full 1):
 PSYoungGen      total 25088K, used 1923K [0x00000000eab00000, 0x00000000ec800000, 0x0000000100000000)
  eden space 23040K, 0% used [0x00000000eab00000,0x00000000eab00000,0x00000000ec180000)
  from space 2048K, 93% used [0x00000000ec600000,0x00000000ec7e0f80,0x00000000ec800000)
  to   space 2560K, 0% used [0x00000000ec300000,0x00000000ec300000,0x00000000ec580000)
 ParOldGen       total 68608K, used 13776K [0x00000000c0000000, 0x00000000c4300000, 0x00000000eab00000)
  object space 68608K, 20% used [0x00000000c0000000,0x00000000c0d741e8,0x00000000c4300000)
 Metaspace       used 27845K, committed 28800K, reserved 1114112K
  class space    used 2667K, committed 3072K, reserved 1048576K
}
Event: 9.593 GC heap before
{Heap before GC invocations=12 (full 1):
 PSYoungGen      total 25088K, used 24963K [0x00000000eab00000, 0x00000000ec800000, 0x0000000100000000)
  eden space 23040K, 100% used [0x00000000eab00000,0x00000000ec180000,0x00000000ec180000)
  from space 2048K, 93% used [0x00000000ec600000,0x00000000ec7e0f80,0x00000000ec800000)
  to   space 2560K, 0% used [0x00000000ec300000,0x00000000ec300000,0x00000000ec580000)
 ParOldGen       total 68608K, used 13776K [0x00000000c0000000, 0x00000000c4300000, 0x00000000eab00000)
  object space 68608K, 20% used [0x00000000c0000000,0x00000000c0d741e8,0x00000000c4300000)
 Metaspace       used 31349K, committed 32320K, reserved 1114112K
  class space    used 3075K, committed 3456K, reserved 1048576K
}
Event: 9.599 GC heap after
{Heap after GC invocations=12 (full 1):
 PSYoungGen      total 24576K, used 1544K [0x00000000eab00000, 0x00000000ec680000, 0x0000000100000000)
  eden space 22528K, 0% used [0x00000000eab00000,0x00000000eab00000,0x00000000ec100000)
  from space 2048K, 75% used [0x00000000ec300000,0x00000000ec4820a8,0x00000000ec500000)
  to   space 1536K, 0% used [0x00000000ec500000,0x00000000ec500000,0x00000000ec680000)
 ParOldGen       total 68608K, used 15409K [0x00000000c0000000, 0x00000000c4300000, 0x00000000eab00000)
  object space 68608K, 22% used [0x00000000c0000000,0x00000000c0f0c7d0,0x00000000c4300000)
 Metaspace       used 31349K, committed 32320K, reserved 1114112K
  class space    used 3075K, committed 3456K, reserved 1048576K
}

Dll operation events (10 events):
Event: 0.031 Loaded shared library c:\Users\jaich\.vscode\extensions\redhat.java-1.41.1-win32-x64\jre\21.0.6-win32-x86_64\bin\java.dll
Event: 0.201 Loaded shared library c:\Users\jaich\.vscode\extensions\redhat.java-1.41.1-win32-x64\jre\21.0.6-win32-x86_64\bin\zip.dll
Event: 0.247 Loaded shared library C:\Users\jaich\.vscode\extensions\redhat.java-1.41.1-win32-x64\jre\21.0.6-win32-x86_64\bin\instrument.dll
Event: 0.258 Loaded shared library C:\Users\jaich\.vscode\extensions\redhat.java-1.41.1-win32-x64\jre\21.0.6-win32-x86_64\bin\net.dll
Event: 0.266 Loaded shared library C:\Users\jaich\.vscode\extensions\redhat.java-1.41.1-win32-x64\jre\21.0.6-win32-x86_64\bin\nio.dll
Event: 0.281 Loaded shared library C:\Users\jaich\.vscode\extensions\redhat.java-1.41.1-win32-x64\jre\21.0.6-win32-x86_64\bin\zip.dll
Event: 0.335 Loaded shared library C:\Users\jaich\.vscode\extensions\redhat.java-1.41.1-win32-x64\jre\21.0.6-win32-x86_64\bin\jimage.dll
Event: 0.532 Loaded shared library c:\Users\jaich\.vscode\extensions\redhat.java-1.41.1-win32-x64\jre\21.0.6-win32-x86_64\bin\verify.dll
Event: 3.246 Loaded shared library C:\Users\jaich\AppData\Roaming\Code\User\globalStorage\redhat.java\1.41.1\config_win\org.eclipse.equinox.launcher\org.eclipse.equinox.launcher.win32.win32.x86_64_1.2.1300.v20250331-1702\eclipse_11911.dll
Event: 6.638 Loaded shared library C:\Users\jaich\AppData\Local\Temp\jna-100887031\jna13599335863755889478.dll

Deoptimization events (20 events):
Event: 9.814 Thread 0x0000021f7b553060 Uncommon trap: trap_request=0xffffff45 fr.pc=0x0000021f2a1bc558 relative=0x00000000000002f8
Event: 9.814 Thread 0x0000021f7b553060 Uncommon trap: reason=unstable_if action=reinterpret pc=0x0000021f2a1bc558 method=java.util.Properties.getProperty(Ljava/lang/String;)Ljava/lang/String; @ 36 c2
Event: 9.814 Thread 0x0000021f7b553060 DEOPT PACKING pc=0x0000021f2a1bc558 sp=0x00000064749fe060
Event: 9.814 Thread 0x0000021f7b553060 DEOPT UNPACKING pc=0x0000021f29b33aa2 sp=0x00000064749fe008 mode 2
Event: 9.845 Thread 0x0000021f7beae500 Uncommon trap: trap_request=0xffffff45 fr.pc=0x0000021f2a1a72d4 relative=0x0000000000000134
Event: 9.845 Thread 0x0000021f7beae500 Uncommon trap: reason=unstable_if action=reinterpret pc=0x0000021f2a1a72d4 method=java.util.ArrayList.indexOfRange(Ljava/lang/Object;II)I @ 7 c2
Event: 9.845 Thread 0x0000021f7beae500 DEOPT PACKING pc=0x0000021f2a1a72d4 sp=0x00000064750fe4c0
Event: 9.845 Thread 0x0000021f7beae500 DEOPT UNPACKING pc=0x0000021f29b33aa2 sp=0x00000064750fe380 mode 2
Event: 9.893 Thread 0x0000021f7beae500 Uncommon trap: trap_request=0xffffff45 fr.pc=0x0000021f2a19d030 relative=0x0000000000000110
Event: 9.893 Thread 0x0000021f7beae500 Uncommon trap: reason=unstable_if action=reinterpret pc=0x0000021f2a19d030 method=java.util.ArrayList.indexOfRange(Ljava/lang/Object;II)I @ 7 c2
Event: 9.893 Thread 0x0000021f7beae500 DEOPT PACKING pc=0x0000021f2a19d030 sp=0x00000064750fe460
Event: 9.893 Thread 0x0000021f7beae500 DEOPT UNPACKING pc=0x0000021f29b33aa2 sp=0x00000064750fe3e0 mode 2
Event: 9.897 Thread 0x0000021f7beae500 Uncommon trap: trap_request=0xffffff45 fr.pc=0x0000021f2a29cfc0 relative=0x0000000000001760
Event: 9.897 Thread 0x0000021f7beae500 Uncommon trap: reason=unstable_if action=reinterpret pc=0x0000021f2a29cfc0 method=sun.nio.cs.StreamDecoder.lockedRead0()I @ 30 c2
Event: 9.897 Thread 0x0000021f7beae500 DEOPT PACKING pc=0x0000021f2a29cfc0 sp=0x00000064750fde80
Event: 9.897 Thread 0x0000021f7beae500 DEOPT UNPACKING pc=0x0000021f29b33aa2 sp=0x00000064750fdcc8 mode 2
Event: 9.906 Thread 0x0000021f7beae500 Uncommon trap: trap_request=0xffffffde fr.pc=0x0000021f2a23b40c relative=0x000000000000022c
Event: 9.906 Thread 0x0000021f7beae500 Uncommon trap: reason=class_check action=maybe_recompile pc=0x0000021f2a23b40c method=java.util.regex.Matcher.getTextLength()I @ 4 c2
Event: 9.906 Thread 0x0000021f7beae500 DEOPT PACKING pc=0x0000021f2a23b40c sp=0x00000064750fe270
Event: 9.906 Thread 0x0000021f7beae500 DEOPT UNPACKING pc=0x0000021f29b33aa2 sp=0x00000064750fe198 mode 2

Classes loaded (20 events):
Event: 9.936 Loading class sun/nio/cs/SJIS done
Event: 9.936 Loading class jdk/internal/reflect/ByteVectorFactory done
Event: 9.936 Loading class jdk/internal/reflect/ByteVectorImpl
Event: 9.937 Loading class jdk/internal/reflect/ByteVector
Event: 9.937 Loading class jdk/internal/reflect/ByteVector done
Event: 9.937 Loading class jdk/internal/reflect/ByteVectorImpl done
Event: 9.937 Loading class jdk/internal/reflect/ClassFileAssembler
Event: 9.937 Loading class jdk/internal/reflect/ClassFileAssembler done
Event: 9.937 Loading class jdk/internal/reflect/UTF8
Event: 9.938 Loading class jdk/internal/reflect/UTF8 done
Event: 9.939 Loading class jdk/internal/reflect/Label
Event: 9.939 Loading class jdk/internal/reflect/Label done
Event: 9.939 Loading class jdk/internal/reflect/Label$PatchInfo
Event: 9.939 Loading class jdk/internal/reflect/Label$PatchInfo done
Event: 9.940 Loading class jdk/internal/reflect/MethodAccessorGenerator$1
Event: 9.940 Loading class jdk/internal/reflect/MethodAccessorGenerator$1 done
Event: 9.940 Loading class jdk/internal/reflect/ClassDefiner
Event: 9.940 Loading class jdk/internal/reflect/ClassDefiner done
Event: 9.940 Loading class jdk/internal/reflect/ClassDefiner$1
Event: 9.940 Loading class jdk/internal/reflect/ClassDefiner$1 done

Classes unloaded (7 events):
Event: 7.827 Thread 0x0000021f33795a00 Unloading class 0x0000021f351a1400 'java/lang/invoke/LambdaForm$MH+0x0000021f351a1400'
Event: 7.827 Thread 0x0000021f33795a00 Unloading class 0x0000021f351a1000 'java/lang/invoke/LambdaForm$MH+0x0000021f351a1000'
Event: 7.827 Thread 0x0000021f33795a00 Unloading class 0x0000021f351a0c00 'java/lang/invoke/LambdaForm$MH+0x0000021f351a0c00'
Event: 7.827 Thread 0x0000021f33795a00 Unloading class 0x0000021f351a0800 'java/lang/invoke/LambdaForm$MH+0x0000021f351a0800'
Event: 7.827 Thread 0x0000021f33795a00 Unloading class 0x0000021f351a0400 'java/lang/invoke/LambdaForm$BMH+0x0000021f351a0400'
Event: 7.827 Thread 0x0000021f33795a00 Unloading class 0x0000021f351a0000 'java/lang/invoke/LambdaForm$DMH+0x0000021f351a0000'
Event: 7.827 Thread 0x0000021f33795a00 Unloading class 0x0000021f3519ec00 'java/lang/invoke/LambdaForm$DMH+0x0000021f3519ec00'

Classes redefined (0 events):
No events

Internal exceptions (20 events):
Event: 9.647 Thread 0x0000021f7beb12f0 Exception <a 'sun/nio/fs/WindowsException'{0x00000000eac34dc8}> (0x00000000eac34dc8) 
thrown [s\src\hotspot\share\prims\jni.cpp, line 520]
Event: 9.648 Thread 0x0000021f7beb12f0 Exception <a 'sun/nio/fs/WindowsException'{0x00000000eac36768}> (0x00000000eac36768) 
thrown [s\src\hotspot\share\prims\jni.cpp, line 520]
Event: 9.648 Thread 0x0000021f7beb12f0 Exception <a 'sun/nio/fs/WindowsException'{0x00000000eac37048}> (0x00000000eac37048) 
thrown [s\src\hotspot\share\prims\jni.cpp, line 520]
Event: 9.653 Thread 0x0000021f7beb12f0 Exception <a 'java/lang/NoSuchMethodError'{0x00000000eac6e918}: 'void java.lang.invoke.DirectMethodHandle$Holder.invokeVirtual(java.lang.Object, java.lang.Object, java.lang.Object, java.lang.Object)'> (0x00000000eac6e918) 
thrown [s\src\hotspot\share\interpreter\linkResolver.cpp, line 773]
Event: 9.659 Thread 0x0000021f7beb12f0 Exception <a 'sun/nio/fs/WindowsException'{0x00000000eac9a250}> (0x00000000eac9a250) 
thrown [s\src\hotspot\share\prims\jni.cpp, line 520]
Event: 9.659 Thread 0x0000021f7beb12f0 Exception <a 'sun/nio/fs/WindowsException'{0x00000000eac9ad50}> (0x00000000eac9ad50) 
thrown [s\src\hotspot\share\prims\jni.cpp, line 520]
Event: 9.661 Thread 0x0000021f7beb12f0 Exception <a 'sun/nio/fs/WindowsException'{0x00000000eacdd770}> (0x00000000eacdd770) 
thrown [s\src\hotspot\share\prims\jni.cpp, line 520]
Event: 9.661 Thread 0x0000021f7beb12f0 Exception <a 'sun/nio/fs/WindowsException'{0x00000000eacde050}> (0x00000000eacde050) 
thrown [s\src\hotspot\share\prims\jni.cpp, line 520]
Event: 9.663 Thread 0x0000021f7beb12f0 Exception <a 'sun/nio/fs/WindowsException'{0x00000000eace33d0}> (0x00000000eace33d0) 
thrown [s\src\hotspot\share\prims\jni.cpp, line 520]
Event: 9.663 Thread 0x0000021f7beb12f0 Exception <a 'sun/nio/fs/WindowsException'{0x00000000eace3ed0}> (0x00000000eace3ed0) 
thrown [s\src\hotspot\share\prims\jni.cpp, line 520]
Event: 9.664 Thread 0x0000021f7beb12f0 Exception <a 'sun/nio/fs/WindowsException'{0x00000000eace7180}> (0x00000000eace7180) 
thrown [s\src\hotspot\share\prims\jni.cpp, line 520]
Event: 9.664 Thread 0x0000021f7beb12f0 Exception <a 'sun/nio/fs/WindowsException'{0x00000000eace7a60}> (0x00000000eace7a60) 
thrown [s\src\hotspot\share\prims\jni.cpp, line 520]
Event: 9.679 Thread 0x0000021f7beb12f0 Exception <a 'sun/nio/fs/WindowsException'{0x00000000ead484c8}> (0x00000000ead484c8) 
thrown [s\src\hotspot\share\prims\jni.cpp, line 520]
Event: 9.680 Thread 0x0000021f7beb12f0 Exception <a 'sun/nio/fs/WindowsException'{0x00000000ead48da8}> (0x00000000ead48da8) 
thrown [s\src\hotspot\share\prims\jni.cpp, line 520]
Event: 9.828 Thread 0x0000021f7b553060 Exception <a 'java/lang/ClassNotFoundException'{0x00000000eaf77260}: com/sun/org/apache/xml/internal/serializer/spi/XMLEntitiesProvider> (0x00000000eaf77260) 
thrown [s\src\hotspot\share\classfile\systemDictionary.cpp, line 312]
Event: 9.828 Thread 0x0000021f7beb12f0 Exception <a 'sun/nio/fs/WindowsException'{0x00000000eafc3b08}> (0x00000000eafc3b08) 
thrown [s\src\hotspot\share\prims\jni.cpp, line 520]
Event: 9.828 Thread 0x0000021f7beb12f0 Exception <a 'sun/nio/fs/WindowsException'{0x00000000eafc43e8}> (0x00000000eafc43e8) 
thrown [s\src\hotspot\share\prims\jni.cpp, line 520]
Event: 9.838 Thread 0x0000021f7beb12f0 Exception <a 'java/io/FileNotFoundException'{0x00000000eb042840}> (0x00000000eb042840) 
thrown [s\src\hotspot\share\prims\jni.cpp, line 520]
Event: 9.930 Thread 0x0000021f7beb12f0 Exception <a 'java/lang/NoSuchMethodError'{0x00000000eb64bd20}: 'long java.lang.invoke.DirectMethodHandle$Holder.invokeSpecial(java.lang.Object, java.lang.Object)'> (0x00000000eb64bd20) 
thrown [s\src\hotspot\share\interpreter\linkResolver.cpp, line 773]
Event: 9.931 Thread 0x0000021f7beb12f0 Exception <a 'java/lang/NoSuchMethodError'{0x00000000eb64f3f8}: 'long java.lang.invoke.Invokers$Holder.invokeExact_MT(java.lang.Object, java.lang.Object)'> (0x00000000eb64f3f8) 
thrown [s\src\hotspot\share\interpreter\linkResolver.cpp, line 773]

ZGC Phase Switch (0 events):
No events

VM Operations (20 events):
Event: 8.774 Executing VM operation: HandshakeAllThreads (Deoptimize)
Event: 8.774 Executing VM operation: HandshakeAllThreads (Deoptimize) done
Event: 8.949 Executing VM operation: HandshakeAllThreads (Deoptimize)
Event: 8.949 Executing VM operation: HandshakeAllThreads (Deoptimize) done
Event: 9.012 Executing VM operation: ParallelGCFailedAllocation (Allocation Failure)
Event: 9.014 Executing VM operation: ParallelGCFailedAllocation (Allocation Failure) done
Event: 9.270 Executing VM operation: HandshakeAllThreads (Deoptimize)
Event: 9.306 Executing VM operation: HandshakeAllThreads (Deoptimize) done
Event: 9.482 Executing VM operation: HandshakeAllThreads (Deoptimize)
Event: 9.593 Executing VM operation: HandshakeAllThreads (Deoptimize) done
Event: 9.593 Executing VM operation: ParallelGCFailedAllocation (Allocation Failure)
Event: 9.599 Executing VM operation: ParallelGCFailedAllocation (Allocation Failure) done
Event: 9.755 Executing VM operation: HandshakeAllThreads (Deoptimize)
Event: 9.765 Executing VM operation: HandshakeAllThreads (Deoptimize) done
Event: 9.825 Executing VM operation: HandshakeAllThreads (Deoptimize)
Event: 9.825 Executing VM operation: HandshakeAllThreads (Deoptimize) done
Event: 9.831 Executing VM operation: HandshakeAllThreads (Deoptimize)
Event: 9.831 Executing VM operation: HandshakeAllThreads (Deoptimize) done
Event: 9.906 Executing VM operation: HandshakeAllThreads (Deoptimize)
Event: 9.906 Executing VM operation: HandshakeAllThreads (Deoptimize) done

Memory protections (0 events):
No events

Nmethod flushes (0 events):
No events

Events (20 events):
Event: 2.787 Thread 0x0000021f1f3be1e0 Thread added: 0x0000021f7b4e5060
Event: 3.233 Thread 0x0000021f1f3be1e0 Thread added: 0x0000021f7b7e36e0
Event: 3.322 Thread 0x0000021f7b7e36e0 Thread added: 0x0000021f7b552630
Event: 3.328 Thread 0x0000021f1f3be1e0 Thread added: 0x0000021f7b553060
Event: 4.088 Thread 0x0000021f7b553060 Thread added: 0x0000021f7bad6560
Event: 4.562 Thread 0x0000021f7b553060 Thread added: 0x0000021f7be6bbb0
Event: 4.723 Thread 0x0000021f76b24400 Thread exited: 0x0000021f76b24400
Event: 4.773 Thread 0x0000021f7b553060 Thread added: 0x0000021f7bdebc50
Event: 5.676 Thread 0x0000021f7b553060 Thread added: 0x0000021f7beb0c60
Event: 6.128 Thread 0x0000021f768913d0 Thread added: 0x0000021f76947c80
Event: 6.647 Thread 0x0000021f76947c80 Thread exited: 0x0000021f76947c80
Event: 6.698 Thread 0x0000021f7b553060 Thread added: 0x0000021f7beb1980
Event: 6.794 Thread 0x0000021f7b553060 Thread added: 0x0000021f7beae500
Event: 6.842 Thread 0x0000021f7b553060 Thread added: 0x0000021f7beb12f0
Event: 7.025 Thread 0x0000021f768913d0 Thread added: 0x0000021f7ba02e30
Event: 7.092 Thread 0x0000021f7beb12f0 Thread added: 0x0000021f7beaf220
Event: 8.731 Thread 0x0000021f7beaf220 Thread added: 0x0000021f7beaf8b0
Event: 9.204 Thread 0x0000021f7b553060 Thread added: 0x0000021f7beb05d0
Event: 9.205 Thread 0x0000021f7beaf8b0 Thread added: 0x0000021f7beaeb90
Event: 9.880 Thread 0x0000021f7beaeb90 Thread added: 0x0000021f7beaff40


Dynamic libraries:
0x00007ff7032c0000 - 0x00007ff7032ce000 	c:\Users\jaich\.vscode\extensions\redhat.java-1.41.1-win32-x64\jre\21.0.6-win32-x86_64\bin\java.exe
0x00007ffde5f50000 - 0x00007ffde6167000 	C:\windows\SYSTEM32\ntdll.dll
0x00007ffde4e00000 - 0x00007ffde4ec4000 	C:\windows\System32\KERNEL32.DLL
0x00007ffde3650000 - 0x00007ffde3a23000 	C:\windows\System32\KERNELBASE.dll
0x00007ffde3470000 - 0x00007ffde3581000 	C:\windows\System32\ucrtbase.dll
0x00007ffdc52f0000 - 0x00007ffdc5308000 	c:\Users\jaich\.vscode\extensions\redhat.java-1.41.1-win32-x64\jre\21.0.6-win32-x86_64\bin\jli.dll
0x00007ffde5200000 - 0x00007ffde53b1000 	C:\windows\System32\USER32.dll
0x00007ffde33c0000 - 0x00007ffde33e6000 	C:\windows\System32\win32u.dll
0x00007ffde50f0000 - 0x00007ffde5119000 	C:\windows\System32\GDI32.dll
0x00007ffdc38e0000 - 0x00007ffdc38fe000 	c:\Users\jaich\.vscode\extensions\redhat.java-1.41.1-win32-x64\jre\21.0.6-win32-x86_64\bin\VCRUNTIME140.dll
0x00007ffde32a0000 - 0x00007ffde33bb000 	C:\windows\System32\gdi32full.dll
0x00007ffde31d0000 - 0x00007ffde326a000 	C:\windows\System32\msvcp_win.dll
0x00007ffdc2b30000 - 0x00007ffdc2dc8000 	C:\windows\WinSxS\amd64_microsoft.windows.common-controls_6595b64144ccf1df_6.0.22621.5124_none_270e8f4f7386d69d\COMCTL32.dll
0x00007ffde5b10000 - 0x00007ffde5bb7000 	C:\windows\System32\msvcrt.dll
0x00007ffde50b0000 - 0x00007ffde50e1000 	C:\windows\System32\IMM32.DLL
0x00007ffdda610000 - 0x00007ffdda61c000 	c:\Users\jaich\.vscode\extensions\redhat.java-1.41.1-win32-x64\jre\21.0.6-win32-x86_64\bin\vcruntime140_1.dll
0x00007ffda97f0000 - 0x00007ffda987d000 	c:\Users\jaich\.vscode\extensions\redhat.java-1.41.1-win32-x64\jre\21.0.6-win32-x86_64\bin\msvcp140.dll
0x00007ffd87350000 - 0x00007ffd880e0000 	c:\Users\jaich\.vscode\extensions\redhat.java-1.41.1-win32-x64\jre\21.0.6-win32-x86_64\bin\server\jvm.dll
0x00007ffde5650000 - 0x00007ffde5701000 	C:\windows\System32\ADVAPI32.dll
0x00007ffde5d00000 - 0x00007ffde5da8000 	C:\windows\System32\sechost.dll
0x00007ffde3270000 - 0x00007ffde3298000 	C:\windows\System32\bcrypt.dll
0x00007ffde5bc0000 - 0x00007ffde5cd4000 	C:\windows\System32\RPCRT4.dll
0x00007ffde3d70000 - 0x00007ffde3de1000 	C:\windows\System32\WS2_32.dll
0x00007ffde2f30000 - 0x00007ffde2f7d000 	C:\windows\SYSTEM32\POWRPROF.dll
0x00007ffdd9f10000 - 0x00007ffdd9f44000 	C:\windows\SYSTEM32\WINMM.dll
0x00007ffdd5180000 - 0x00007ffdd518a000 	C:\windows\SYSTEM32\VERSION.dll
0x00007ffde2f10000 - 0x00007ffde2f23000 	C:\windows\SYSTEM32\UMPDC.dll
0x00007ffde2000000 - 0x00007ffde2018000 	C:\windows\SYSTEM32\kernel.appcore.dll
0x00007ffdca1a0000 - 0x00007ffdca1aa000 	c:\Users\jaich\.vscode\extensions\redhat.java-1.41.1-win32-x64\jre\21.0.6-win32-x86_64\bin\jimage.dll
0x00007ffde0ae0000 - 0x00007ffde0d12000 	C:\windows\SYSTEM32\DBGHELP.DLL
0x00007ffde5770000 - 0x00007ffde5b02000 	C:\windows\System32\combase.dll
0x00007ffde5120000 - 0x00007ffde51f7000 	C:\windows\System32\OLEAUT32.dll
0x00007ffdbe540000 - 0x00007ffdbe572000 	C:\windows\SYSTEM32\dbgcore.DLL
0x00007ffde3a30000 - 0x00007ffde3aab000 	C:\windows\System32\bcryptPrimitives.dll
0x00007ffdda620000 - 0x00007ffdda62f000 	c:\Users\jaich\.vscode\extensions\redhat.java-1.41.1-win32-x64\jre\21.0.6-win32-x86_64\bin\instrument.dll
0x00007ffdbf530000 - 0x00007ffdbf54f000 	c:\Users\jaich\.vscode\extensions\redhat.java-1.41.1-win32-x64\jre\21.0.6-win32-x86_64\bin\java.dll
0x00007ffde4560000 - 0x00007ffde4df6000 	C:\windows\System32\SHELL32.dll
0x00007ffde3ab0000 - 0x00007ffde3bef000 	C:\windows\System32\wintypes.dll
0x00007ffde0f30000 - 0x00007ffde184a000 	C:\windows\SYSTEM32\windows.storage.dll
0x00007ffde5db0000 - 0x00007ffde5eba000 	C:\windows\System32\SHCORE.dll
0x00007ffde5570000 - 0x00007ffde55d3000 	C:\windows\System32\shlwapi.dll
0x00007ffde2f90000 - 0x00007ffde2fbb000 	C:\windows\SYSTEM32\profapi.dll
0x00007ffdbf510000 - 0x00007ffdbf528000 	c:\Users\jaich\.vscode\extensions\redhat.java-1.41.1-win32-x64\jre\21.0.6-win32-x86_64\bin\zip.dll
0x00007ffdc5220000 - 0x00007ffdc5230000 	C:\Users\jaich\.vscode\extensions\redhat.java-1.41.1-win32-x64\jre\21.0.6-win32-x86_64\bin\net.dll
0x00007ffddfa60000 - 0x00007ffddfb8c000 	C:\windows\SYSTEM32\WINHTTP.dll
0x00007ffde24e0000 - 0x00007ffde254a000 	C:\windows\system32\mswsock.dll
0x00007ffdbe670000 - 0x00007ffdbe686000 	C:\Users\jaich\.vscode\extensions\redhat.java-1.41.1-win32-x64\jre\21.0.6-win32-x86_64\bin\nio.dll
0x00007ffdc3370000 - 0x00007ffdc3380000 	c:\Users\jaich\.vscode\extensions\redhat.java-1.41.1-win32-x64\jre\21.0.6-win32-x86_64\bin\verify.dll
0x00007ffdbe6a0000 - 0x00007ffdbe6e5000 	C:\Users\jaich\AppData\Roaming\Code\User\globalStorage\redhat.java\1.41.1\config_win\org.eclipse.equinox.launcher\org.eclipse.equinox.launcher.win32.win32.x86_64_1.2.1300.v20250331-1702\eclipse_11911.dll
0x00007ffde53c0000 - 0x00007ffde5561000 	C:\windows\System32\ole32.dll
0x00007ffde2740000 - 0x00007ffde275b000 	C:\windows\SYSTEM32\CRYPTSP.dll
0x00007ffde1fc0000 - 0x00007ffde1ff7000 	C:\windows\system32\rsaenh.dll
0x00007ffde25e0000 - 0x00007ffde2608000 	C:\windows\SYSTEM32\USERENV.dll
0x00007ffde2760000 - 0x00007ffde276c000 	C:\windows\SYSTEM32\CRYPTBASE.dll
0x00007ffde1ab0000 - 0x00007ffde1add000 	C:\windows\SYSTEM32\IPHLPAPI.DLL
0x00007ffde44c0000 - 0x00007ffde44c9000 	C:\windows\System32\NSI.dll
0x00007ffd9c4e0000 - 0x00007ffd9c529000 	C:\Users\jaich\AppData\Local\Temp\jna-100887031\jna13599335863755889478.dll
0x00007ffde3d60000 - 0x00007ffde3d68000 	C:\windows\System32\PSAPI.DLL

dbghelp: loaded successfully - version: 4.0.5 - missing functions: none
symbol engine: initialized successfully - sym options: 0x614 - pdb path: .;c:\Users\jaich\.vscode\extensions\redhat.java-1.41.1-win32-x64\jre\21.0.6-win32-x86_64\bin;C:\windows\SYSTEM32;C:\windows\WinSxS\amd64_microsoft.windows.common-controls_6595b64144ccf1df_6.0.22621.5124_none_270e8f4f7386d69d;c:\Users\jaich\.vscode\extensions\redhat.java-1.41.1-win32-x64\jre\21.0.6-win32-x86_64\bin\server;C:\Users\jaich\AppData\Roaming\Code\User\globalStorage\redhat.java\1.41.1\config_win\org.eclipse.equinox.launcher\org.eclipse.equinox.launcher.win32.win32.x86_64_1.2.1300.v20250331-1702;C:\Users\jaich\AppData\Local\Temp\jna-100887031

VM Arguments:
jvm_args: --add-modules=ALL-SYSTEM --add-opens=java.base/java.util=ALL-UNNAMED --add-opens=java.base/java.lang=ALL-UNNAMED --add-opens=java.base/sun.nio.fs=ALL-UNNAMED -Declipse.application=org.eclipse.jdt.ls.core.id1 -Dosgi.bundles.defaultStartLevel=4 -Declipse.product=org.eclipse.jdt.ls.core.product -Djava.import.generatesMetadataFilesAtProjectRoot=false -DDetectVMInstallationsJob.disabled=true -Dfile.encoding=utf8 -XX:+UseParallelGC -XX:GCTimeRatio=4 -XX:AdaptiveSizePolicyWeight=90 -Dsun.zip.disableMemoryMapping=true -Xmx1G -Xms100m -Xlog:disable -javaagent:c:\Users\jaich\.vscode\extensions\redhat.java-1.41.1-win32-x64\lombok\lombok-1.18.36.jar -XX:+HeapDumpOnOutOfMemoryError -XX:HeapDumpPath=c:\Users\jaich\AppData\Roaming\Code\User\workspaceStorage\f22e0601bb77b8e2289a949522429d50\redhat.java -Daether.dependencyCollector.impl=bf 
java_command: c:\Users\jaich\.vscode\extensions\redhat.java-1.41.1-win32-x64\server\plugins\org.eclipse.equinox.launcher_1.7.0.v20250331-1702.jar -configuration c:\Users\jaich\AppData\Roaming\Code\User\globalStorage\redhat.java\1.41.1\config_win -data c:\Users\jaich\AppData\Roaming\Code\User\workspaceStorage\f22e0601bb77b8e2289a949522429d50\redhat.java\jdt_ws --pipe=\\.\pipe\lsp-384e1f4a750add9c130a1b73b3c9b120-sock
java_class_path (initial): c:\Users\jaich\.vscode\extensions\redhat.java-1.41.1-win32-x64\server\plugins\org.eclipse.equinox.launcher_1.7.0.v20250331-1702.jar
Launcher Type: SUN_STANDARD

[Global flags]
    uintx AdaptiveSizePolicyWeight                 = 90                                        {product} {command line}
     intx CICompilerCount                          = 4                                         {product} {ergonomic}
    uintx GCTimeRatio                              = 4                                         {product} {command line}
     bool HeapDumpOnOutOfMemoryError               = true                                   {manageable} {command line}
    ccstr HeapDumpPath                             = c:\Users\jaich\AppData\Roaming\Code\User\workspaceStorage\f22e0601bb77b8e2289a949522429d50\redhat.java         {manageable} {command line}
   size_t InitialHeapSize                          = 104857600                                 {product} {command line}
   size_t MaxHeapSize                              = 1073741824                                {product} {command line}
   size_t MaxNewSize                               = 357564416                                 {product} {ergonomic}
   size_t MinHeapDeltaBytes                        = 524288                                    {product} {ergonomic}
   size_t MinHeapSize                              = 104857600                                 {product} {command line}
   size_t NewSize                                  = 34603008                                  {product} {ergonomic}
    uintx NonNMethodCodeHeapSize                   = 5839372                                {pd product} {ergonomic}
    uintx NonProfiledCodeHeapSize                  = 122909434                              {pd product} {ergonomic}
   size_t OldSize                                  = 70254592                                  {product} {ergonomic}
    uintx ProfiledCodeHeapSize                     = 122909434                              {pd product} {ergonomic}
    uintx ReservedCodeCacheSize                    = 251658240                              {pd product} {ergonomic}
     bool SegmentedCodeCache                       = true                                      {product} {ergonomic}
   size_t SoftMaxHeapSize                          = 1073741824                             {manageable} {ergonomic}
     bool UseCompressedOops                        = true                           {product lp64_product} {ergonomic}
     bool UseLargePagesIndividualAllocation        = false                                  {pd product} {ergonomic}
     bool UseParallelGC                            = true                                      {product} {command line}

Logging:
Log output configuration:
 #0: stdout all=off uptime,level,tags foldmultilines=false
 #1: stderr all=off uptime,level,tags foldmultilines=false

Environment Variables:
PATH=C:\Program Files\Common Files\Oracle\Java\javapath;C:\Python312\Scripts\;C:\Python312\;C:\oraclexe\app\oracle\product\11.2.0\server\bin;C:\windows\system32;C:\windows;C:\windows\System32\Wbem;C:\windows\System32\WindowsPowerShell\v1.0\;C:\windows\System32\OpenSSH\;C:\Program Files\Git\cmd;C:\MinGW\bin;C:\ProgramData\chocolatey\bin;C:\Program Files\nodejs\;C:\Program Files\MySQL\MySQL Server 8.0\bin;C:\Program Files\PuTTY\;C:\Users\jaich\AppData\Local\Programs\Python\Python310\Scripts;;C:\Program Files\Docker\Docker\resources\bin;C:\Users\jaich\AppData\Local\Programs\Python\Python310\Scripts\;C:\Users\jaich\AppData\Local\Programs\Python\Python310\;C:\Program Files\MySQL\MySQL Shell 8.0\bin\;C:\Users\jaich\AppData\Local\Microsoft\WindowsApps;C:\Users\jaich\AppData\Local\Programs\Microsoft VS Code\bin;C:\Users\jaich\AppData\Local\Programs\mongosh\;C:\Program Files\MongoDB\Server\7.0\bin;C:\Users\jaich\AppData\Roaming\npm;E:\download\apache-maven-3.9.9-bin\apache-maven-3.9.9\bin;
USERNAME=jaich
OS=Windows_NT
PROCESSOR_IDENTIFIER=Intel64 Family 6 Model 154 Stepping 4, GenuineIntel
TMP=C:\Users\jaich\AppData\Local\Temp
TEMP=C:\Users\jaich\AppData\Local\Temp




Periodic native trim disabled

---------------  S Y S T E M  ---------------

OS:
 Windows 11 , 64 bit Build 22621 (10.0.22621.5124)
OS uptime: 0 days 0:05 hours
Hyper-V role detected

CPU: total 12 (initial active 12) (6 cores per cpu, 2 threads per core) family 6 model 154 stepping 4 microcode 0x42c, cx8, cmov, fxsr, ht, mmx, 3dnowpref, sse, sse2, sse3, ssse3, sse4.1, sse4.2, popcnt, lzcnt, tsc, tscinvbit, avx, avx2, aes, erms, clmul, bmi1, bmi2, adx, sha, fma, vzeroupper, clflush, clflushopt, clwb, hv, serialize, rdtscp, rdpid, fsrm, f16c, cet_ibt, cet_ss
Processor Information for processor 0
  Max Mhz: 1300, Current Mhz: 1300, Mhz Limit: 1300
Processor Information for processor 1
  Max Mhz: 1300, Current Mhz: 1300, Mhz Limit: 1300
Processor Information for processor 2
  Max Mhz: 1300, Current Mhz: 1300, Mhz Limit: 1300
Processor Information for processor 3
  Max Mhz: 1300, Current Mhz: 1300, Mhz Limit: 1300
Processor Information for processor 4
  Max Mhz: 1300, Current Mhz: 900, Mhz Limit: 897
Processor Information for processor 5
  Max Mhz: 1300, Current Mhz: 900, Mhz Limit: 897
Processor Information for processor 6
  Max Mhz: 1300, Current Mhz: 900, Mhz Limit: 897
Processor Information for processor 7
  Max Mhz: 1300, Current Mhz: 900, Mhz Limit: 897
Processor Information for processor 8
  Max Mhz: 1300, Current Mhz: 900, Mhz Limit: 897
Processor Information for processor 9
  Max Mhz: 1300, Current Mhz: 900, Mhz Limit: 897
Processor Information for processor 10
  Max Mhz: 1300, Current Mhz: 900, Mhz Limit: 897
Processor Information for processor 11
  Max Mhz: 1300, Current Mhz: 900, Mhz Limit: 897

Memory: 4k page, system-wide physical 16052M (355M free)
TotalPageFile size 20421M (AvailPageFile size 0M)
current process WorkingSet (physical memory assigned to process): 190M, peak: 190M
current process commit charge ("private bytes"): 290M, peak: 291M

vm_info: OpenJDK 64-Bit Server VM (21.0.6+7-LTS) for windows-amd64 JRE (21.0.6+7-LTS), built on 2025-01-21T00:00:00Z by "admin" with MS VC++ 17.7 (VS2022)

END.
