#
# There is insufficient memory for the Java Runtime Environment to continue.
# Native memory allocation (malloc) failed to allocate 79216 bytes. Error detail: Chunk::new
# Possible reasons:
#   The system is out of physical RAM or swap space
#   This process is running with CompressedOops enabled, and the Java Heap may be blocking the growth of the native heap
# Possible solutions:
#   Reduce memory load on the system
#   Increase physical memory or swap space
#   Check if swap backing store is full
#   Decrease Java heap size (-Xmx/-Xms)
#   Decrease number of Java threads
#   Decrease Java thread stack sizes (-Xss)
#   Set larger code cache with -XX:ReservedCodeCacheSize=
#   JVM is running with Unscaled Compressed Oops mode in which the Java heap is
#     placed in the first 4GB address space. The Java Heap base address is the
#     maximum limit for the native heap growth. Please use -XX:HeapBaseMinAddress
#     to set the Java Heap base and to place the Java Heap above 4GB virtual address.
# This output file may be truncated or incomplete.
#
#  Out of Memory Error (arena.cpp:168), pid=4784, tid=15880
#
# JRE version: OpenJDK Runtime Environment Temurin-21.0.6+7 (21.0.6+7) (build 21.0.6+7-LTS)
# Java VM: OpenJDK 64-Bit Server VM Temurin-21.0.6+7 (21.0.6+7-LTS, mixed mode, sharing, tiered, compressed oops, compressed class ptrs, parallel gc, windows-amd64)
# No core dump will be written. Minidumps are not enabled by default on client versions of Windows
#

---------------  S U M M A R Y ------------

Command Line: --add-modules=ALL-SYSTEM --add-opens=java.base/java.util=ALL-UNNAMED --add-opens=java.base/java.lang=ALL-UNNAMED --add-opens=java.base/sun.nio.fs=ALL-UNNAMED -Declipse.application=org.eclipse.jdt.ls.core.id1 -Dosgi.bundles.defaultStartLevel=4 -Declipse.product=org.eclipse.jdt.ls.core.product -Djava.import.generatesMetadataFilesAtProjectRoot=false -DDetectVMInstallationsJob.disabled=true -Dfile.encoding=utf8 -XX:+UseParallelGC -XX:GCTimeRatio=4 -XX:AdaptiveSizePolicyWeight=90 -Dsun.zip.disableMemoryMapping=true -Xmx1G -Xms100m -Xlog:disable -javaagent:c:\Users\jaich\.vscode\extensions\redhat.java-1.41.1-win32-x64\lombok\lombok-1.18.36.jar c:\Users\jaich\.vscode\extensions\redhat.java-1.41.1-win32-x64\server\plugins\org.eclipse.equinox.launcher_1.7.0.v20250331-1702.jar -configuration c:\Users\jaich\AppData\Roaming\Code\User\globalStorage\redhat.java\1.41.1\config_ss_win -data c:\Users\jaich\AppData\Roaming\Code\User\workspaceStorage\f22e0601bb77b8e2289a949522429d50\redhat.java\ss_ws --pipe=\\.\pipe\lsp-59f00fdd7d57a43b7ed6330c078c7cc2-sock

Host: 12th Gen Intel(R) Core(TM) i5-1235U, 12 cores, 15G,  Windows 11 , 64 bit Build 22621 (10.0.22621.5124)
Time: Wed Apr 16 19:53:58 2025 India Standard Time elapsed time: 2.026178 seconds (0d 0h 0m 2s)

---------------  T H R E A D  ---------------

Current thread (0x000002336d0192e0):  JavaThread "C2 CompilerThread0" daemon [_thread_in_native, id=15880, stack(0x00000085f2600000,0x00000085f2700000) (1024K)]


Current CompileTask:
C2:2026 1081       4       java.lang.StringLatin1::indexOf (121 bytes)

Stack: [0x00000085f2600000,0x00000085f2700000]
Native frames: (J=compiled Java code, j=interpreted, Vv=VM code, C=native code)
V  [jvm.dll+0x6cdee9]
V  [jvm.dll+0x8a83d1]
V  [jvm.dll+0x8aa8fe]
V  [jvm.dll+0x8aafe3]
V  [jvm.dll+0x27f706]
V  [jvm.dll+0xc500d]
V  [jvm.dll+0xc5543]
V  [jvm.dll+0x3b678c]
V  [jvm.dll+0x382935]
V  [jvm.dll+0x381d9a]
V  [jvm.dll+0x2479f0]
V  [jvm.dll+0x246fcf]
V  [jvm.dll+0x1c75ee]
V  [jvm.dll+0x25685a]
V  [jvm.dll+0x254dfa]
V  [jvm.dll+0x3f0256]
V  [jvm.dll+0x851f8b]
V  [jvm.dll+0x6cc5ed]
C  [ucrtbase.dll+0x29333]
C  [KERNEL32.DLL+0x1259d]
C  [ntdll.dll+0x5af38]


---------------  P R O C E S S  ---------------

Threads class SMR info:
_java_thread_list=0x000002336d8f1550, length=11, elements={
0x0000023352a4d000, 0x0000023366e3e2c0, 0x000002336d005bf0, 0x000002336d0082f0,
0x000002336d0095b0, 0x000002336d0153c0, 0x000002336d0188a0, 0x000002336d0192e0,
0x000002336d019fd0, 0x000002336d0d8900, 0x000002336d39b9d0
}

Java Threads: ( => current thread )
  0x0000023352a4d000 JavaThread "main"                              [_thread_in_Java, id=18080, stack(0x00000085f1c00000,0x00000085f1d00000) (1024K)]
  0x0000023366e3e2c0 JavaThread "Reference Handler"          daemon [_thread_blocked, id=21984, stack(0x00000085f2000000,0x00000085f2100000) (1024K)]
  0x000002336d005bf0 JavaThread "Finalizer"                  daemon [_thread_blocked, id=19188, stack(0x00000085f2100000,0x00000085f2200000) (1024K)]
  0x000002336d0082f0 JavaThread "Signal Dispatcher"          daemon [_thread_blocked, id=11348, stack(0x00000085f2200000,0x00000085f2300000) (1024K)]
  0x000002336d0095b0 JavaThread "Attach Listener"            daemon [_thread_blocked, id=10472, stack(0x00000085f2300000,0x00000085f2400000) (1024K)]
  0x000002336d0153c0 JavaThread "Service Thread"             daemon [_thread_blocked, id=18976, stack(0x00000085f2400000,0x00000085f2500000) (1024K)]
  0x000002336d0188a0 JavaThread "Monitor Deflation Thread"   daemon [_thread_blocked, id=15732, stack(0x00000085f2500000,0x00000085f2600000) (1024K)]
=>0x000002336d0192e0 JavaThread "C2 CompilerThread0"         daemon [_thread_in_native, id=15880, stack(0x00000085f2600000,0x00000085f2700000) (1024K)]
  0x000002336d019fd0 JavaThread "C1 CompilerThread0"         daemon [_thread_blocked, id=20304, stack(0x00000085f2700000,0x00000085f2800000) (1024K)]
  0x000002336d0d8900 JavaThread "Common-Cleaner"             daemon [_thread_blocked, id=7688, stack(0x00000085f2800000,0x00000085f2900000) (1024K)]
  0x000002336d39b9d0 JavaThread "Notification Thread"        daemon [_thread_blocked, id=15568, stack(0x00000085f2900000,0x00000085f2a00000) (1024K)]
Total: 11

Other Threads:
  0x0000023352b0dbd0 VMThread "VM Thread"                           [id=7268, stack(0x00000085f1f00000,0x00000085f2000000) (1024K)]
  0x0000023352ab7cf0 WatcherThread "VM Periodic Task Thread"        [id=22452, stack(0x00000085f1e00000,0x00000085f1f00000) (1024K)]
  0x0000023352a6b7d0 WorkerThread "GC Thread#0"                     [id=17364, stack(0x00000085f1d00000,0x00000085f1e00000) (1024K)]
  0x000002336d39a680 WorkerThread "GC Thread#1"                     [id=2028, stack(0x00000085f2a00000,0x00000085f2b00000) (1024K)]
  0x000002336d48c430 WorkerThread "GC Thread#2"                     [id=15164, stack(0x00000085f2b00000,0x00000085f2c00000) (1024K)]
  0x000002336d48c7d0 WorkerThread "GC Thread#3"                     [id=7532, stack(0x00000085f2c00000,0x00000085f2d00000) (1024K)]
  0x000002336d908d40 WorkerThread "GC Thread#4"                     [id=17164, stack(0x00000085f2d00000,0x00000085f2e00000) (1024K)]
  0x000002336d9090e0 WorkerThread "GC Thread#5"                     [id=15424, stack(0x00000085f2e00000,0x00000085f2f00000) (1024K)]
  0x000002336d909480 WorkerThread "GC Thread#6"                     [id=19248, stack(0x00000085f2f00000,0x00000085f3000000) (1024K)]
Total: 9

Threads with active compile tasks:
C2 CompilerThread0  2077 1081       4       java.lang.StringLatin1::indexOf (121 bytes)
C1 CompilerThread0  2077 1127       3       jdk.internal.ref.CleanerImpl$PhantomCleanableRef::performCleanup (10 bytes)
Total: 2

VM state: not at safepoint (normal execution)

VM Mutex/Monitor currently owned by a thread: None

Heap address: 0x00000000c0000000, size: 1024 MB, Compressed Oops mode: 32-bit

CDS archive(s) mapped at: [0x0000023300000000-0x0000023300ba0000-0x0000023300ba0000), size 12189696, SharedBaseAddress: 0x0000023300000000, ArchiveRelocationMode: 1.
Compressed class space mapped at: 0x0000023301000000-0x0000023341000000, reserved size: 1073741824
Narrow klass base: 0x0000023300000000, Narrow klass shift: 0, Narrow klass range: 0x100000000

GC Precious Log:
 CardTable entry size: 512
 CPUs: 12 total, 12 available
 Memory: 16052M
 Large Page Support: Disabled
 NUMA Support: Disabled
 Compressed Oops: Enabled (32-bit)
 Alignments: Space 512K, Generation 512K, Heap 2M
 Heap Min Capacity: 100M
 Heap Initial Capacity: 100M
 Heap Max Capacity: 1G
 Pre-touch: Disabled
 Parallel Workers: 10

Heap:
 PSYoungGen      total 29696K, used 5209K [0x00000000eab00000, 0x00000000ecc00000, 0x0000000100000000)
  eden space 25600K, 7% used [0x00000000eab00000,0x00000000eacf4f68,0x00000000ec400000)
  from space 4096K, 78% used [0x00000000ec400000,0x00000000ec7217f0,0x00000000ec800000)
  to   space 4096K, 0% used [0x00000000ec800000,0x00000000ec800000,0x00000000ecc00000)
 ParOldGen       total 68608K, used 16K [0x00000000c0000000, 0x00000000c4300000, 0x00000000eab00000)
  object space 68608K, 0% used [0x00000000c0000000,0x00000000c0004000,0x00000000c4300000)
 Metaspace       used 4621K, committed 4864K, reserved 1114112K
  class space    used 464K, committed 576K, reserved 1048576K

Card table byte_map: [0x0000023352400000,0x0000023352610000] _byte_map_base: 0x0000023351e00000

Marking Bits: (ParMarkBitMap*) 0x00007ffd88003260
 Begin Bits: [0x0000023364c40000, 0x0000023365c40000)
 End Bits:   [0x0000023365c40000, 0x0000023366c40000)

Polling page: 0x0000023350a40000

Metaspace:

Usage:
  Non-class:      4.06 MB used.
      Class:    465.26 KB used.
       Both:      4.51 MB used.

Virtual space:
  Non-class space:       64.00 MB reserved,       4.19 MB (  7%) committed,  1 nodes.
      Class space:        1.00 GB reserved,     576.00 KB ( <1%) committed,  1 nodes.
             Both:        1.06 GB reserved,       4.75 MB ( <1%) committed. 

Chunk freelists:
   Non-Class:  10.80 MB
       Class:  15.42 MB
        Both:  26.22 MB

MaxMetaspaceSize: unlimited
CompressedClassSpaceSize: 1.00 GB
Initial GC threshold: 21.00 MB
Current GC threshold: 21.00 MB
CDS: on
 - commit_granule_bytes: 65536.
 - commit_granule_words: 8192.
 - virtual_space_node_default_size: 8388608.
 - enlarge_chunks_in_place: 1.
 - use_allocation_guard: 0.


Internal statistics:

num_allocs_failed_limit: 0.
num_arena_births: 150.
num_arena_deaths: 0.
num_vsnodes_births: 2.
num_vsnodes_deaths: 0.
num_space_committed: 76.
num_space_uncommitted: 0.
num_chunks_returned_to_freelist: 0.
num_chunks_taken_from_freelist: 236.
num_chunk_merges: 0.
num_chunk_splits: 149.
num_chunks_enlarged: 86.
num_inconsistent_stats: 0.

CodeHeap 'non-profiled nmethods': size=120000Kb used=433Kb max_used=433Kb free=119566Kb
 bounds [0x000002335d710000, 0x000002335d980000, 0x0000023364c40000]
CodeHeap 'profiled nmethods': size=120000Kb used=1837Kb max_used=1837Kb free=118163Kb
 bounds [0x0000023355c40000, 0x0000023355eb0000, 0x000002335d170000]
CodeHeap 'non-nmethods': size=5760Kb used=1192Kb max_used=1213Kb free=4567Kb
 bounds [0x000002335d170000, 0x000002335d3e0000, 0x000002335d710000]
 total_blobs=1578 nmethods=1124 adapters=361
 compilation: enabled
              stopped_count=0, restarted_count=0
 full_count=0

Compilation events (20 events):
Event: 2.005 Thread 0x000002336d019fd0 nmethod 1079 0x0000023355df5910 code [0x0000023355df5b40, 0x0000023355df6330]
Event: 2.012 Thread 0x000002336d0192e0 1081       4       java.lang.StringLatin1::indexOf (121 bytes)
Event: 2.012 Thread 0x000002336d019fd0 1082  s!   3       jdk.internal.loader.URLClassPath::getLoader (194 bytes)
Event: 2.014 Thread 0x000002336d019fd0 nmethod 1082 0x0000023355df6690 code [0x0000023355df69a0, 0x0000023355df7c78]
Event: 2.015 Thread 0x000002336d019fd0 1083       3       java.util.HashMap::hash (20 bytes)
Event: 2.015 Thread 0x000002336d019fd0 nmethod 1083 0x0000023355df8410 code [0x0000023355df85c0, 0x0000023355df87c8]
Event: 2.015 Thread 0x000002336d019fd0 1084       3       java.lang.ref.PhantomReference::<init> (7 bytes)
Event: 2.015 Thread 0x000002336d019fd0 nmethod 1084 0x0000023355df8890 code [0x0000023355df8a40, 0x0000023355df8c90]
Event: 2.016 Thread 0x000002336d019fd0 1085       3       sun.net.www.ParseUtil::firstEncodeIndex (86 bytes)
Event: 2.017 Thread 0x000002336d019fd0 nmethod 1085 0x0000023355df8d90 code [0x0000023355df8fe0, 0x0000023355df9958]
Event: 2.017 Thread 0x000002336d019fd0 1088   !   3       jdk.internal.misc.ScopedMemoryAccess::putLong (21 bytes)
Event: 2.018 Thread 0x000002336d019fd0 nmethod 1088 0x0000023355df9d10 code [0x0000023355df9f00, 0x0000023355dfa398]
Event: 2.018 Thread 0x000002336d019fd0 1089   !   3       jdk.internal.misc.ScopedMemoryAccess::putLongInternal (35 bytes)
Event: 2.019 Thread 0x000002336d019fd0 nmethod 1089 0x0000023355dfa610 code [0x0000023355dfa7e0, 0x0000023355dfaae8]
Event: 2.019 Thread 0x000002336d019fd0 1086       3       jdk.internal.ref.PhantomCleanable::<init> (49 bytes)
Event: 2.020 Thread 0x000002336d019fd0 nmethod 1086 0x0000023355dfac90 code [0x0000023355dfaee0, 0x0000023355dfb8b0]
Event: 2.020 Thread 0x000002336d019fd0 1087   !   3       jdk.internal.ref.PhantomCleanable::insert (53 bytes)
Event: 2.020 Thread 0x000002336d019fd0 nmethod 1087 0x0000023355dfbc10 code [0x0000023355dfbdc0, 0x0000023355dfc030]
Event: 2.020 Thread 0x000002336d019fd0 1090   !   3       java.nio.DirectLongBufferU::put (39 bytes)
Event: 2.021 Thread 0x000002336d019fd0 nmethod 1090 0x0000023355dfc190 code [0x0000023355dfc400, 0x0000023355dfcd88]

GC Heap History (2 events):
Event: 1.984 GC heap before
{Heap before GC invocations=1 (full 0):
 PSYoungGen      total 29696K, used 25600K [0x00000000eab00000, 0x00000000ecc00000, 0x0000000100000000)
  eden space 25600K, 100% used [0x00000000eab00000,0x00000000ec400000,0x00000000ec400000)
  from space 4096K, 0% used [0x00000000ec800000,0x00000000ec800000,0x00000000ecc00000)
  to   space 4096K, 0% used [0x00000000ec400000,0x00000000ec400000,0x00000000ec800000)
 ParOldGen       total 68608K, used 0K [0x00000000c0000000, 0x00000000c4300000, 0x00000000eab00000)
  object space 68608K, 0% used [0x00000000c0000000,0x00000000c0000000,0x00000000c4300000)
 Metaspace       used 4339K, committed 4544K, reserved 1114112K
  class space    used 438K, committed 512K, reserved 1048576K
}
Event: 1.999 GC heap after
{Heap after GC invocations=1 (full 0):
 PSYoungGen      total 29696K, used 3205K [0x00000000eab00000, 0x00000000ecc00000, 0x0000000100000000)
  eden space 25600K, 0% used [0x00000000eab00000,0x00000000eab00000,0x00000000ec400000)
  from space 4096K, 78% used [0x00000000ec400000,0x00000000ec7217f0,0x00000000ec800000)
  to   space 4096K, 0% used [0x00000000ec800000,0x00000000ec800000,0x00000000ecc00000)
 ParOldGen       total 68608K, used 16K [0x00000000c0000000, 0x00000000c4300000, 0x00000000eab00000)
  object space 68608K, 0% used [0x00000000c0000000,0x00000000c0004000,0x00000000c4300000)
 Metaspace       used 4339K, committed 4544K, reserved 1114112K
  class space    used 438K, committed 512K, reserved 1048576K
}

Dll operation events (8 events):
Event: 0.024 Loaded shared library c:\Users\jaich\.vscode\extensions\redhat.java-1.41.1-win32-x64\jre\21.0.6-win32-x86_64\bin\java.dll
Event: 0.178 Loaded shared library c:\Users\jaich\.vscode\extensions\redhat.java-1.41.1-win32-x64\jre\21.0.6-win32-x86_64\bin\zip.dll
Event: 0.222 Loaded shared library C:\Users\jaich\.vscode\extensions\redhat.java-1.41.1-win32-x64\jre\21.0.6-win32-x86_64\bin\instrument.dll
Event: 0.232 Loaded shared library C:\Users\jaich\.vscode\extensions\redhat.java-1.41.1-win32-x64\jre\21.0.6-win32-x86_64\bin\net.dll
Event: 0.238 Loaded shared library C:\Users\jaich\.vscode\extensions\redhat.java-1.41.1-win32-x64\jre\21.0.6-win32-x86_64\bin\nio.dll
Event: 0.245 Loaded shared library C:\Users\jaich\.vscode\extensions\redhat.java-1.41.1-win32-x64\jre\21.0.6-win32-x86_64\bin\zip.dll
Event: 0.286 Loaded shared library C:\Users\jaich\.vscode\extensions\redhat.java-1.41.1-win32-x64\jre\21.0.6-win32-x86_64\bin\jimage.dll
Event: 0.477 Loaded shared library c:\Users\jaich\.vscode\extensions\redhat.java-1.41.1-win32-x64\jre\21.0.6-win32-x86_64\bin\verify.dll

Deoptimization events (20 events):
Event: 1.853 Thread 0x0000023352a4d000 Uncommon trap: trap_request=0xffffffc6 fr.pc=0x000002335d748350 relative=0x0000000000000290
Event: 1.853 Thread 0x0000023352a4d000 Uncommon trap: reason=bimorphic_or_optimized_type_check action=maybe_recompile pc=0x000002335d748350 method=java.util.Collections$UnmodifiableCollection$1.next()Ljava/lang/Object; @ 4 c2
Event: 1.853 Thread 0x0000023352a4d000 DEOPT PACKING pc=0x000002335d748350 sp=0x00000085f1cfe9e0
Event: 1.853 Thread 0x0000023352a4d000 DEOPT UNPACKING pc=0x000002335d1c3aa2 sp=0x00000085f1cfe990 mode 2
Event: 2.003 Thread 0x0000023352a4d000 Uncommon trap: trap_request=0xffffff45 fr.pc=0x000002335d761db4 relative=0x00000000000008d4
Event: 2.003 Thread 0x0000023352a4d000 Uncommon trap: reason=unstable_if action=reinterpret pc=0x000002335d761db4 method=java.util.HashMap.hash(Ljava/lang/Object;)I @ 1 c2
Event: 2.003 Thread 0x0000023352a4d000 DEOPT PACKING pc=0x000002335d761db4 sp=0x00000085f1cfe830
Event: 2.003 Thread 0x0000023352a4d000 DEOPT UNPACKING pc=0x000002335d1c3aa2 sp=0x00000085f1cfe7b0 mode 2
Event: 2.003 Thread 0x0000023352a4d000 Uncommon trap: trap_request=0xffffff45 fr.pc=0x000002335d76f538 relative=0x0000000000000278
Event: 2.003 Thread 0x0000023352a4d000 Uncommon trap: reason=unstable_if action=reinterpret pc=0x000002335d76f538 method=java.util.HashMap.hash(Ljava/lang/Object;)I @ 1 c2
Event: 2.003 Thread 0x0000023352a4d000 DEOPT PACKING pc=0x000002335d76f538 sp=0x00000085f1cfe750
Event: 2.003 Thread 0x0000023352a4d000 DEOPT UNPACKING pc=0x000002335d1c3aa2 sp=0x00000085f1cfe5e8 mode 2
Event: 2.007 Thread 0x0000023352a4d000 Uncommon trap: trap_request=0xffffff45 fr.pc=0x000002335d76ee3c relative=0x000000000000027c
Event: 2.007 Thread 0x0000023352a4d000 Uncommon trap: reason=unstable_if action=reinterpret pc=0x000002335d76ee3c method=java.util.HashMap.hash(Ljava/lang/Object;)I @ 1 c2
Event: 2.007 Thread 0x0000023352a4d000 DEOPT PACKING pc=0x000002335d76ee3c sp=0x00000085f1cfe6f0
Event: 2.007 Thread 0x0000023352a4d000 DEOPT UNPACKING pc=0x000002335d1c3aa2 sp=0x00000085f1cfe5f8 mode 2
Event: 2.007 Thread 0x0000023352a4d000 Uncommon trap: trap_request=0xffffff45 fr.pc=0x000002335d771c50 relative=0x00000000000000b0
Event: 2.007 Thread 0x0000023352a4d000 Uncommon trap: reason=unstable_if action=reinterpret pc=0x000002335d771c50 method=java.util.HashMap.hash(Ljava/lang/Object;)I @ 1 c2
Event: 2.007 Thread 0x0000023352a4d000 DEOPT PACKING pc=0x000002335d771c50 sp=0x00000085f1cfe770
Event: 2.007 Thread 0x0000023352a4d000 DEOPT UNPACKING pc=0x000002335d1c3aa2 sp=0x00000085f1cfe708 mode 2

Classes loaded (20 events):
Event: 1.956 Loading class java/util/concurrent/locks/ReadWriteLock
Event: 1.957 Loading class java/util/concurrent/locks/ReadWriteLock done
Event: 1.957 Loading class java/util/concurrent/locks/ReentrantReadWriteLock done
Event: 1.957 Loading class java/util/concurrent/locks/ReentrantReadWriteLock$NonfairSync
Event: 1.957 Loading class java/util/concurrent/locks/ReentrantReadWriteLock$Sync
Event: 1.957 Loading class java/util/concurrent/locks/ReentrantReadWriteLock$Sync done
Event: 1.957 Loading class java/util/concurrent/locks/ReentrantReadWriteLock$NonfairSync done
Event: 1.958 Loading class java/util/concurrent/locks/ReentrantReadWriteLock$Sync$ThreadLocalHoldCounter
Event: 1.958 Loading class java/util/concurrent/locks/ReentrantReadWriteLock$Sync$ThreadLocalHoldCounter done
Event: 1.958 Loading class java/util/concurrent/locks/ReentrantReadWriteLock$ReadLock
Event: 1.958 Loading class java/util/concurrent/locks/ReentrantReadWriteLock$ReadLock done
Event: 1.958 Loading class java/util/concurrent/locks/ReentrantReadWriteLock$WriteLock
Event: 1.958 Loading class java/util/concurrent/locks/ReentrantReadWriteLock$WriteLock done
Event: 2.009 Loading class java/net/URLClassLoader$3
Event: 2.010 Loading class java/net/URLClassLoader$3 done
Event: 2.010 Loading class java/net/URLClassLoader$3$1
Event: 2.010 Loading class java/net/URLClassLoader$3$1 done
Event: 2.010 Loading class jdk/internal/loader/URLClassPath$FileLoader
Event: 2.010 Loading class jdk/internal/loader/URLClassPath$FileLoader done
Event: 2.023 Loading class java/lang/ClassFormatError

Classes unloaded (0 events):
No events

Classes redefined (0 events):
No events

Internal exceptions (20 events):
Event: 0.557 Thread 0x0000023352a4d000 Exception <a 'java/lang/NoSuchMethodError'{0x00000000eb14e4a8}: 'void java.lang.invoke.DelegatingMethodHandle$Holder.reinvoke_L(java.lang.Object, java.lang.Object, java.lang.Object, int)'> (0x00000000eb14e4a8) 
thrown [s\src\hotspot\share\interpreter\linkResolver.cpp, line 773]
Event: 0.906 Thread 0x0000023352a4d000 Exception <a 'java/lang/NoSuchMethodError'{0x00000000eb5d62b0}: 'void java.lang.invoke.DirectMethodHandle$Holder.invokeVirtual(java.lang.Object, java.lang.Object)'> (0x00000000eb5d62b0) 
thrown [s\src\hotspot\share\interpreter\linkResolver.cpp, line 773]
Event: 1.162 Thread 0x0000023352a4d000 Exception <a 'java/lang/ClassNotFoundException'{0x00000000eb9d1fc0}: sun/net/www/protocol/c/Handler> (0x00000000eb9d1fc0) 
thrown [s\src\hotspot\share\classfile\systemDictionary.cpp, line 312]
Event: 1.170 Thread 0x0000023352a4d000 Exception <a 'java/io/FileNotFoundException'{0x00000000eb9e72a0}> (0x00000000eb9e72a0) 
thrown [s\src\hotspot\share\prims\jni.cpp, line 520]
Event: 1.173 Thread 0x0000023352a4d000 Exception <a 'java/io/FileNotFoundException'{0x00000000eb9ec190}> (0x00000000eb9ec190) 
thrown [s\src\hotspot\share\prims\jni.cpp, line 520]
Event: 1.173 Thread 0x0000023352a4d000 Exception <a 'java/io/FileNotFoundException'{0x00000000eb9ece08}> (0x00000000eb9ece08) 
thrown [s\src\hotspot\share\prims\jni.cpp, line 520]
Event: 1.174 Thread 0x0000023352a4d000 Exception <a 'java/io/FileNotFoundException'{0x00000000eb9ed948}> (0x00000000eb9ed948) 
thrown [s\src\hotspot\share\prims\jni.cpp, line 520]
Event: 1.183 Thread 0x0000023352a4d000 Implicit null exception at 0x000002335d73ca24 to 0x000002335d73cfc8
Event: 1.183 Thread 0x0000023352a4d000 Implicit null exception at 0x000002335d73e120 to 0x000002335d73e6b4
Event: 1.188 Thread 0x0000023352a4d000 Exception <a 'java/io/FileNotFoundException'{0x00000000eba27d28}> (0x00000000eba27d28) 
thrown [s\src\hotspot\share\prims\jni.cpp, line 520]
Event: 1.622 Thread 0x0000023352a4d000 Exception <a 'java/lang/NoSuchMethodError'{0x00000000ebeb7510}: 'java.lang.ClassLoader java.lang.ClassLoader.getPlatformClassLoader(java.lang.Class)'> (0x00000000ebeb7510) 
thrown [s\src\hotspot\share\interpreter\linkResolver.cpp, line 773]
Event: 1.814 Thread 0x0000023352a4d000 Exception <a 'java/lang/ClassNotFoundException'{0x00000000ec2b98c0}: sun/net/www/protocol/c/Handler> (0x00000000ec2b98c0) 
thrown [s\src\hotspot\share\classfile\systemDictionary.cpp, line 312]
Event: 1.815 Thread 0x0000023352a4d000 Exception <a 'java/lang/ClassNotFoundException'{0x00000000ec2bac20}: sun/net/www/protocol/e/Handler> (0x00000000ec2bac20) 
thrown [s\src\hotspot\share\classfile\systemDictionary.cpp, line 312]
Event: 1.819 Thread 0x0000023352a4d000 Exception <a 'java/lang/ClassNotFoundException'{0x00000000ec2bbd98}: sun/net/www/protocol/c/Handler> (0x00000000ec2bbd98) 
thrown [s\src\hotspot\share\classfile\systemDictionary.cpp, line 312]
Event: 1.852 Thread 0x0000023352a4d000 Exception <a 'java/io/FileNotFoundException'{0x00000000ec2e0cd8}> (0x00000000ec2e0cd8) 
thrown [s\src\hotspot\share\prims\jni.cpp, line 520]
Event: 2.003 Thread 0x0000023352a4d000 Implicit null exception at 0x000002335d761529 to 0x000002335d761d9c
Event: 2.003 Thread 0x0000023352a4d000 Implicit null exception at 0x000002335d76f31a to 0x000002335d76f520
Event: 2.004 Thread 0x0000023352a4d000 Exception <a 'java/lang/NoSuchMethodError'{0x00000000eab0c880}: 'void java.lang.invoke.DirectMethodHandle$Holder.invokeStatic(java.lang.Object, java.lang.Object, java.lang.Object, java.lang.Object)'> (0x00000000eab0c880) 
thrown [s\src\hotspot\share\interpreter\linkResolver.cpp, line 773]
Event: 2.007 Thread 0x0000023352a4d000 Implicit null exception at 0x000002335d76ec1a to 0x000002335d76ee24
Event: 2.007 Thread 0x0000023352a4d000 Implicit null exception at 0x000002335d771bbd to 0x000002335d771c41

ZGC Phase Switch (0 events):
No events

VM Operations (14 events):
Event: 0.175 Executing VM operation: HandshakeAllThreads (Deoptimize)
Event: 0.175 Executing VM operation: HandshakeAllThreads (Deoptimize) done
Event: 0.313 Executing VM operation: HandshakeAllThreads (Deoptimize)
Event: 0.313 Executing VM operation: HandshakeAllThreads (Deoptimize) done
Event: 1.110 Executing VM operation: HandshakeAllThreads (Deoptimize)
Event: 1.110 Executing VM operation: HandshakeAllThreads (Deoptimize) done
Event: 1.110 Executing VM operation: Cleanup
Event: 1.110 Executing VM operation: Cleanup done
Event: 1.141 Executing VM operation: HandshakeAllThreads (Deoptimize)
Event: 1.141 Executing VM operation: HandshakeAllThreads (Deoptimize) done
Event: 1.739 Executing VM operation: HandshakeAllThreads (Deoptimize)
Event: 1.740 Executing VM operation: HandshakeAllThreads (Deoptimize) done
Event: 1.984 Executing VM operation: ParallelGCFailedAllocation (Allocation Failure)
Event: 1.999 Executing VM operation: ParallelGCFailedAllocation (Allocation Failure) done

Memory protections (0 events):
No events

Nmethod flushes (0 events):
No events

Events (15 events):
Event: 0.059 Thread 0x0000023352a4d000 Thread added: 0x0000023352a4d000
Event: 0.093 Thread 0x0000023352a4d000 Thread added: 0x0000023366e3e2c0
Event: 0.093 Thread 0x0000023352a4d000 Thread added: 0x000002336d005bf0
Event: 0.093 Thread 0x0000023352a4d000 Thread added: 0x000002336d0082f0
Event: 0.094 Thread 0x0000023352a4d000 Thread added: 0x000002336d0095b0
Event: 0.094 Thread 0x0000023352a4d000 Thread added: 0x000002336d0153c0
Event: 0.094 Thread 0x0000023352a4d000 Thread added: 0x000002336d0188a0
Event: 0.094 Thread 0x0000023352a4d000 Thread added: 0x000002336d0192e0
Event: 0.095 Thread 0x0000023352a4d000 Thread added: 0x000002336d019fd0
Event: 0.149 Thread 0x0000023352a4d000 Thread added: 0x000002336d0d8900
Event: 0.200 Thread 0x000002336d019fd0 Thread added: 0x000002336d22b580
Event: 0.711 Thread 0x000002336d22b580 Thread exited: 0x000002336d22b580
Event: 0.758 Thread 0x0000023352a4d000 Thread added: 0x000002336d39b9d0
Event: 0.763 Thread 0x000002336d019fd0 Thread added: 0x000002336d39a680
Event: 1.863 Thread 0x000002336d39a680 Thread exited: 0x000002336d39a680


Dynamic libraries:
0x00007ff7032c0000 - 0x00007ff7032ce000 	c:\Users\jaich\.vscode\extensions\redhat.java-1.41.1-win32-x64\jre\21.0.6-win32-x86_64\bin\java.exe
0x00007ffde5f50000 - 0x00007ffde6167000 	C:\windows\SYSTEM32\ntdll.dll
0x00007ffde4e00000 - 0x00007ffde4ec4000 	C:\windows\System32\KERNEL32.DLL
0x00007ffde3650000 - 0x00007ffde3a23000 	C:\windows\System32\KERNELBASE.dll
0x00007ffde3470000 - 0x00007ffde3581000 	C:\windows\System32\ucrtbase.dll
0x00007ffdc38e0000 - 0x00007ffdc38fe000 	c:\Users\jaich\.vscode\extensions\redhat.java-1.41.1-win32-x64\jre\21.0.6-win32-x86_64\bin\VCRUNTIME140.dll
0x00007ffdc52f0000 - 0x00007ffdc5308000 	c:\Users\jaich\.vscode\extensions\redhat.java-1.41.1-win32-x64\jre\21.0.6-win32-x86_64\bin\jli.dll
0x00007ffde5200000 - 0x00007ffde53b1000 	C:\windows\System32\USER32.dll
0x00007ffde33c0000 - 0x00007ffde33e6000 	C:\windows\System32\win32u.dll
0x00007ffde50f0000 - 0x00007ffde5119000 	C:\windows\System32\GDI32.dll
0x00007ffde32a0000 - 0x00007ffde33bb000 	C:\windows\System32\gdi32full.dll
0x00007ffdc2b30000 - 0x00007ffdc2dc8000 	C:\windows\WinSxS\amd64_microsoft.windows.common-controls_6595b64144ccf1df_6.0.22621.5124_none_270e8f4f7386d69d\COMCTL32.dll
0x00007ffde31d0000 - 0x00007ffde326a000 	C:\windows\System32\msvcp_win.dll
0x00007ffde5b10000 - 0x00007ffde5bb7000 	C:\windows\System32\msvcrt.dll
0x00007ffde50b0000 - 0x00007ffde50e1000 	C:\windows\System32\IMM32.DLL
0x00007ffdda610000 - 0x00007ffdda61c000 	c:\Users\jaich\.vscode\extensions\redhat.java-1.41.1-win32-x64\jre\21.0.6-win32-x86_64\bin\vcruntime140_1.dll
0x00007ffda97f0000 - 0x00007ffda987d000 	c:\Users\jaich\.vscode\extensions\redhat.java-1.41.1-win32-x64\jre\21.0.6-win32-x86_64\bin\msvcp140.dll
0x00007ffd87350000 - 0x00007ffd880e0000 	c:\Users\jaich\.vscode\extensions\redhat.java-1.41.1-win32-x64\jre\21.0.6-win32-x86_64\bin\server\jvm.dll
0x00007ffde5650000 - 0x00007ffde5701000 	C:\windows\System32\ADVAPI32.dll
0x00007ffde5d00000 - 0x00007ffde5da8000 	C:\windows\System32\sechost.dll
0x00007ffde3270000 - 0x00007ffde3298000 	C:\windows\System32\bcrypt.dll
0x00007ffde5bc0000 - 0x00007ffde5cd4000 	C:\windows\System32\RPCRT4.dll
0x00007ffde3d70000 - 0x00007ffde3de1000 	C:\windows\System32\WS2_32.dll
0x00007ffde2f30000 - 0x00007ffde2f7d000 	C:\windows\SYSTEM32\POWRPROF.dll
0x00007ffdd5180000 - 0x00007ffdd518a000 	C:\windows\SYSTEM32\VERSION.dll
0x00007ffdd9f10000 - 0x00007ffdd9f44000 	C:\windows\SYSTEM32\WINMM.dll
0x00007ffde2f10000 - 0x00007ffde2f23000 	C:\windows\SYSTEM32\UMPDC.dll
0x00007ffde2000000 - 0x00007ffde2018000 	C:\windows\SYSTEM32\kernel.appcore.dll
0x00007ffdca1a0000 - 0x00007ffdca1aa000 	c:\Users\jaich\.vscode\extensions\redhat.java-1.41.1-win32-x64\jre\21.0.6-win32-x86_64\bin\jimage.dll
0x00007ffde0ae0000 - 0x00007ffde0d12000 	C:\windows\SYSTEM32\DBGHELP.DLL
0x00007ffde5770000 - 0x00007ffde5b02000 	C:\windows\System32\combase.dll
0x00007ffde5120000 - 0x00007ffde51f7000 	C:\windows\System32\OLEAUT32.dll
0x00007ffdbe540000 - 0x00007ffdbe572000 	C:\windows\SYSTEM32\dbgcore.DLL
0x00007ffde3a30000 - 0x00007ffde3aab000 	C:\windows\System32\bcryptPrimitives.dll
0x00007ffdda620000 - 0x00007ffdda62f000 	c:\Users\jaich\.vscode\extensions\redhat.java-1.41.1-win32-x64\jre\21.0.6-win32-x86_64\bin\instrument.dll
0x00007ffdbf530000 - 0x00007ffdbf54f000 	c:\Users\jaich\.vscode\extensions\redhat.java-1.41.1-win32-x64\jre\21.0.6-win32-x86_64\bin\java.dll
0x00007ffde4560000 - 0x00007ffde4df6000 	C:\windows\System32\SHELL32.dll
0x00007ffde3ab0000 - 0x00007ffde3bef000 	C:\windows\System32\wintypes.dll
0x00007ffde0f30000 - 0x00007ffde184a000 	C:\windows\SYSTEM32\windows.storage.dll
0x00007ffde5db0000 - 0x00007ffde5eba000 	C:\windows\System32\SHCORE.dll
0x00007ffde5570000 - 0x00007ffde55d3000 	C:\windows\System32\shlwapi.dll
0x00007ffde2f90000 - 0x00007ffde2fbb000 	C:\windows\SYSTEM32\profapi.dll
0x00007ffdbf510000 - 0x00007ffdbf528000 	c:\Users\jaich\.vscode\extensions\redhat.java-1.41.1-win32-x64\jre\21.0.6-win32-x86_64\bin\zip.dll
0x00007ffdc5220000 - 0x00007ffdc5230000 	C:\Users\jaich\.vscode\extensions\redhat.java-1.41.1-win32-x64\jre\21.0.6-win32-x86_64\bin\net.dll
0x00007ffddfa60000 - 0x00007ffddfb8c000 	C:\windows\SYSTEM32\WINHTTP.dll
0x00007ffde24e0000 - 0x00007ffde254a000 	C:\windows\system32\mswsock.dll
0x00007ffdbe670000 - 0x00007ffdbe686000 	C:\Users\jaich\.vscode\extensions\redhat.java-1.41.1-win32-x64\jre\21.0.6-win32-x86_64\bin\nio.dll
0x00007ffdc3370000 - 0x00007ffdc3380000 	c:\Users\jaich\.vscode\extensions\redhat.java-1.41.1-win32-x64\jre\21.0.6-win32-x86_64\bin\verify.dll

dbghelp: loaded successfully - version: 4.0.5 - missing functions: none
symbol engine: initialized successfully - sym options: 0x614 - pdb path: .;c:\Users\jaich\.vscode\extensions\redhat.java-1.41.1-win32-x64\jre\21.0.6-win32-x86_64\bin;C:\windows\SYSTEM32;C:\windows\WinSxS\amd64_microsoft.windows.common-controls_6595b64144ccf1df_6.0.22621.5124_none_270e8f4f7386d69d;c:\Users\jaich\.vscode\extensions\redhat.java-1.41.1-win32-x64\jre\21.0.6-win32-x86_64\bin\server

VM Arguments:
jvm_args: --add-modules=ALL-SYSTEM --add-opens=java.base/java.util=ALL-UNNAMED --add-opens=java.base/java.lang=ALL-UNNAMED --add-opens=java.base/sun.nio.fs=ALL-UNNAMED -Declipse.application=org.eclipse.jdt.ls.core.id1 -Dosgi.bundles.defaultStartLevel=4 -Declipse.product=org.eclipse.jdt.ls.core.product -Djava.import.generatesMetadataFilesAtProjectRoot=false -DDetectVMInstallationsJob.disabled=true -Dfile.encoding=utf8 -XX:+UseParallelGC -XX:GCTimeRatio=4 -XX:AdaptiveSizePolicyWeight=90 -Dsun.zip.disableMemoryMapping=true -Xmx1G -Xms100m -Xlog:disable -javaagent:c:\Users\jaich\.vscode\extensions\redhat.java-1.41.1-win32-x64\lombok\lombok-1.18.36.jar 
java_command: c:\Users\jaich\.vscode\extensions\redhat.java-1.41.1-win32-x64\server\plugins\org.eclipse.equinox.launcher_1.7.0.v20250331-1702.jar -configuration c:\Users\jaich\AppData\Roaming\Code\User\globalStorage\redhat.java\1.41.1\config_ss_win -data c:\Users\jaich\AppData\Roaming\Code\User\workspaceStorage\f22e0601bb77b8e2289a949522429d50\redhat.java\ss_ws --pipe=\\.\pipe\lsp-59f00fdd7d57a43b7ed6330c078c7cc2-sock
java_class_path (initial): c:\Users\jaich\.vscode\extensions\redhat.java-1.41.1-win32-x64\server\plugins\org.eclipse.equinox.launcher_1.7.0.v20250331-1702.jar
Launcher Type: SUN_STANDARD

[Global flags]
    uintx AdaptiveSizePolicyWeight                 = 90                                        {product} {command line}
     intx CICompilerCount                          = 4                                         {product} {ergonomic}
    uintx GCTimeRatio                              = 4                                         {product} {command line}
   size_t InitialHeapSize                          = 104857600                                 {product} {command line}
   size_t MaxHeapSize                              = 1073741824                                {product} {command line}
   size_t MaxNewSize                               = 357564416                                 {product} {ergonomic}
   size_t MinHeapDeltaBytes                        = 524288                                    {product} {ergonomic}
   size_t MinHeapSize                              = 104857600                                 {product} {command line}
   size_t NewSize                                  = 34603008                                  {product} {ergonomic}
    uintx NonNMethodCodeHeapSize                   = 5839372                                {pd product} {ergonomic}
    uintx NonProfiledCodeHeapSize                  = 122909434                              {pd product} {ergonomic}
   size_t OldSize                                  = 70254592                                  {product} {ergonomic}
    uintx ProfiledCodeHeapSize                     = 122909434                              {pd product} {ergonomic}
    uintx ReservedCodeCacheSize                    = 251658240                              {pd product} {ergonomic}
     bool SegmentedCodeCache                       = true                                      {product} {ergonomic}
   size_t SoftMaxHeapSize                          = 1073741824                             {manageable} {ergonomic}
     bool UseCompressedOops                        = true                           {product lp64_product} {ergonomic}
     bool UseLargePagesIndividualAllocation        = false                                  {pd product} {ergonomic}
     bool UseParallelGC                            = true                                      {product} {command line}

Logging:
Log output configuration:
 #0: stdout all=off uptime,level,tags foldmultilines=false
 #1: stderr all=off uptime,level,tags foldmultilines=false

Environment Variables:
PATH=C:\Program Files\Common Files\Oracle\Java\javapath;C:\Python312\Scripts\;C:\Python312\;C:\oraclexe\app\oracle\product\11.2.0\server\bin;C:\windows\system32;C:\windows;C:\windows\System32\Wbem;C:\windows\System32\WindowsPowerShell\v1.0\;C:\windows\System32\OpenSSH\;C:\Program Files\Git\cmd;C:\MinGW\bin;C:\ProgramData\chocolatey\bin;C:\Program Files\nodejs\;C:\Program Files\MySQL\MySQL Server 8.0\bin;C:\Program Files\PuTTY\;C:\Users\jaich\AppData\Local\Programs\Python\Python310\Scripts;;C:\Program Files\Docker\Docker\resources\bin;C:\Users\jaich\AppData\Local\Programs\Python\Python310\Scripts\;C:\Users\jaich\AppData\Local\Programs\Python\Python310\;C:\Program Files\MySQL\MySQL Shell 8.0\bin\;C:\Users\jaich\AppData\Local\Microsoft\WindowsApps;C:\Users\jaich\AppData\Local\Programs\Microsoft VS Code\bin;C:\Users\jaich\AppData\Local\Programs\mongosh\;C:\Program Files\MongoDB\Server\7.0\bin;C:\Users\jaich\AppData\Roaming\npm;E:\download\apache-maven-3.9.9-bin\apache-maven-3.9.9\bin;
USERNAME=jaich
OS=Windows_NT
PROCESSOR_IDENTIFIER=Intel64 Family 6 Model 154 Stepping 4, GenuineIntel
TMP=C:\Users\jaich\AppData\Local\Temp
TEMP=C:\Users\jaich\AppData\Local\Temp




Periodic native trim disabled

---------------  S Y S T E M  ---------------

OS:
 Windows 11 , 64 bit Build 22621 (10.0.22621.5124)
OS uptime: 0 days 0:05 hours
Hyper-V role detected

CPU: total 12 (initial active 12) (6 cores per cpu, 2 threads per core) family 6 model 154 stepping 4 microcode 0x42c, cx8, cmov, fxsr, ht, mmx, 3dnowpref, sse, sse2, sse3, ssse3, sse4.1, sse4.2, popcnt, lzcnt, tsc, tscinvbit, avx, avx2, aes, erms, clmul, bmi1, bmi2, adx, sha, fma, vzeroupper, clflush, clflushopt, clwb, hv, serialize, rdtscp, rdpid, fsrm, f16c, cet_ibt, cet_ss
Processor Information for processor 0
  Max Mhz: 1300, Current Mhz: 1300, Mhz Limit: 1300
Processor Information for processor 1
  Max Mhz: 1300, Current Mhz: 1300, Mhz Limit: 1300
Processor Information for processor 2
  Max Mhz: 1300, Current Mhz: 1300, Mhz Limit: 1300
Processor Information for processor 3
  Max Mhz: 1300, Current Mhz: 1300, Mhz Limit: 1300
Processor Information for processor 4
  Max Mhz: 1300, Current Mhz: 900, Mhz Limit: 897
Processor Information for processor 5
  Max Mhz: 1300, Current Mhz: 900, Mhz Limit: 897
Processor Information for processor 6
  Max Mhz: 1300, Current Mhz: 900, Mhz Limit: 897
Processor Information for processor 7
  Max Mhz: 1300, Current Mhz: 900, Mhz Limit: 897
Processor Information for processor 8
  Max Mhz: 1300, Current Mhz: 900, Mhz Limit: 897
Processor Information for processor 9
  Max Mhz: 1300, Current Mhz: 900, Mhz Limit: 897
Processor Information for processor 10
  Max Mhz: 1300, Current Mhz: 900, Mhz Limit: 897
Processor Information for processor 11
  Max Mhz: 1300, Current Mhz: 900, Mhz Limit: 897

Memory: 4k page, system-wide physical 16052M (275M free)
TotalPageFile size 20421M (AvailPageFile size 12M)
current process WorkingSet (physical memory assigned to process): 79M, peak: 79M
current process commit charge ("private bytes"): 205M, peak: 206M

vm_info: OpenJDK 64-Bit Server VM (21.0.6+7-LTS) for windows-amd64 JRE (21.0.6+7-LTS), built on 2025-01-21T00:00:00Z by "admin" with MS VC++ 17.7 (VS2022)

END.
